{"/Users/morrisqin/Documents/GitHub/f17-ESN-SA4/models/db.js":{"path":"/Users/morrisqin/Documents/GitHub/f17-ESN-SA4/models/db.js","s":{"1":1,"2":1,"3":1,"4":1,"5":1,"6":1,"7":1,"8":1,"9":1,"10":0,"11":1,"12":1},"b":{"1":[1,0],"2":[1,1]},"f":{},"fnMap":{},"statementMap":{"1":{"start":{"line":1,"column":0},"end":{"line":1,"column":37}},"2":{"start":{"line":4,"column":0},"end":{"line":8,"column":1}},"3":{"start":{"line":6,"column":4},"end":{"line":6,"column":52}},"4":{"start":{"line":7,"column":4},"end":{"line":7,"column":76}},"5":{"start":{"line":10,"column":0},"end":{"line":10,"column":53}},"6":{"start":{"line":11,"column":0},"end":{"line":11,"column":48}},"7":{"start":{"line":12,"column":0},"end":{"line":12,"column":32}},"8":{"start":{"line":14,"column":0},"end":{"line":14,"column":34}},"9":{"start":{"line":15,"column":0},"end":{"line":16,"column":32}},"10":{"start":{"line":16,"column":16},"end":{"line":16,"column":30}},"11":{"start":{"line":17,"column":0},"end":{"line":17,"column":69}},"12":{"start":{"line":19,"column":0},"end":{"line":19,"column":28}}},"branchMap":{"1":{"line":4,"type":"if","locations":[{"start":{"line":4,"column":0},"end":{"line":4,"column":0}},{"start":{"line":4,"column":0},"end":{"line":4,"column":0}}]},"2":{"line":6,"type":"binary-expr","locations":[{"start":{"line":6,"column":14},"end":{"line":6,"column":34}},{"start":{"line":6,"column":38},"end":{"line":6,"column":51}}]}}},"/Users/morrisqin/Documents/GitHub/f17-ESN-SA4/models/user.js":{"path":"/Users/morrisqin/Documents/GitHub/f17-ESN-SA4/models/user.js","s":{"1":1,"2":1,"3":1,"4":1,"5":1,"6":1,"7":1,"8":1,"9":1,"10":491,"11":493,"12":493,"13":442,"14":415,"15":1,"16":69,"17":69,"18":69,"19":1,"20":182,"21":182,"22":182,"23":1,"24":1,"25":1,"26":1,"27":10,"28":10,"29":10,"30":1,"31":74,"32":74,"33":74,"34":1,"35":22,"36":22,"37":22,"38":1,"39":0,"40":0,"41":0,"42":1,"43":37,"44":0,"45":0,"46":0,"47":0,"48":0,"49":0,"50":0,"51":37,"52":5,"53":32,"54":9,"55":23,"56":4,"57":19,"58":1,"59":6,"60":6,"61":6,"62":17,"63":6,"64":1,"65":5,"66":5,"67":5,"68":6,"69":5,"70":1,"71":0,"72":0,"73":1,"74":53,"75":53,"76":0,"77":53,"78":1,"79":28,"80":28,"81":28,"82":0,"83":28,"84":28,"85":1,"86":27,"87":1,"88":26,"89":26,"90":26,"91":1,"92":0,"93":0,"94":1,"95":3,"96":3,"97":3,"98":3,"99":3,"100":3,"101":3,"102":3,"103":1,"104":2,"105":2,"106":1,"107":159,"108":159,"109":159,"110":0,"111":159,"112":1,"113":162,"114":162,"115":4,"116":158,"117":158,"118":158,"119":158,"120":158,"121":1,"122":1,"123":1,"124":1,"125":1,"126":1,"127":1,"128":1,"129":1,"130":1,"131":1,"132":1,"133":1,"134":0,"135":0,"136":1,"137":1,"138":1,"139":1,"140":1,"141":1,"142":1,"143":1,"144":1,"145":0,"146":1,"147":0,"148":1},"b":{"1":[493,95,50,50],"2":[493,59,40],"3":[442,69],"4":[415,413],"5":[0,37],"6":[37,37],"7":[0,0],"8":[0,0],"9":[0,0],"10":[0,0],"11":[0,0],"12":[5,32],"13":[37,8],"14":[9,23],"15":[32,29],"16":[4,19],"17":[0,28],"18":[1,27],"19":[1,26],"20":[26,0],"21":[0,159],"22":[4,158],"23":[21,137],"24":[1,157],"25":[158,115],"26":[0,1],"27":[1,0]},"f":{"1":491,"2":493,"3":493,"4":442,"5":415,"6":182,"7":1,"8":10,"9":74,"10":22,"11":0,"12":6,"13":5,"14":0,"15":53,"16":28,"17":0,"18":3,"19":2,"20":159,"21":162,"22":1,"23":1},"fnMap":{"1":{"name":"(anonymous_1)","line":18,"loc":{"start":{"line":18,"column":21},"end":{"line":18,"column":25}}},"2":{"name":"(anonymous_2)","line":52,"loc":{"start":{"line":52,"column":21},"end":{"line":52,"column":25}}},"3":{"name":"(anonymous_3)","line":64,"loc":{"start":{"line":64,"column":21},"end":{"line":64,"column":25}}},"4":{"name":"(anonymous_4)","line":76,"loc":{"start":{"line":76,"column":21},"end":{"line":76,"column":25}}},"5":{"name":"(anonymous_5)","line":88,"loc":{"start":{"line":88,"column":21},"end":{"line":88,"column":25}}},"6":{"name":"(anonymous_6)","line":105,"loc":{"start":{"line":105,"column":35},"end":{"line":105,"column":47}}},"7":{"name":"(anonymous_7)","line":111,"loc":{"start":{"line":111,"column":33},"end":{"line":111,"column":45}}},"8":{"name":"(anonymous_8)","line":120,"loc":{"start":{"line":120,"column":38},"end":{"line":120,"column":56}}},"9":{"name":"(anonymous_9)","line":126,"loc":{"start":{"line":126,"column":40},"end":{"line":126,"column":58}}},"10":{"name":"(anonymous_10)","line":132,"loc":{"start":{"line":132,"column":37},"end":{"line":132,"column":58}}},"11":{"name":"(anonymous_11)","line":138,"loc":{"start":{"line":138,"column":41},"end":{"line":138,"column":59}}},"12":{"name":"(anonymous_12)","line":165,"loc":{"start":{"line":165,"column":37},"end":{"line":165,"column":49}}},"13":{"name":"(anonymous_13)","line":173,"loc":{"start":{"line":173,"column":40},"end":{"line":173,"column":52}}},"14":{"name":"(anonymous_14)","line":181,"loc":{"start":{"line":181,"column":28},"end":{"line":181,"column":40}}},"15":{"name":"(anonymous_15)","line":186,"loc":{"start":{"line":186,"column":33},"end":{"line":186,"column":50}}},"16":{"name":"(anonymous_16)","line":196,"loc":{"start":{"line":196,"column":27},"end":{"line":196,"column":57}}},"17":{"name":"(anonymous_17)","line":226,"loc":{"start":{"line":226,"column":33},"end":{"line":226,"column":53}}},"18":{"name":"(anonymous_18)","line":231,"loc":{"start":{"line":231,"column":36},"end":{"line":231,"column":88}}},"19":{"name":"(anonymous_19)","line":245,"loc":{"start":{"line":245,"column":34},"end":{"line":245,"column":79}}},"20":{"name":"(anonymous_20)","line":253,"loc":{"start":{"line":253,"column":26},"end":{"line":253,"column":46}}},"21":{"name":"(anonymous_21)","line":262,"loc":{"start":{"line":262,"column":28},"end":{"line":262,"column":44}}},"22":{"name":"(anonymous_22)","line":283,"loc":{"start":{"line":283,"column":37},"end":{"line":283,"column":68}}},"23":{"name":"(anonymous_23)","line":290,"loc":{"start":{"line":290,"column":38},"end":{"line":290,"column":58}}}},"statementMap":{"1":{"start":{"line":1,"column":0},"end":{"line":1,"column":37}},"2":{"start":{"line":2,"column":0},"end":{"line":2,"column":38}},"3":{"start":{"line":3,"column":0},"end":{"line":3,"column":36}},"4":{"start":{"line":4,"column":0},"end":{"line":4,"column":35}},"5":{"start":{"line":5,"column":0},"end":{"line":5,"column":51}},"6":{"start":{"line":6,"column":0},"end":{"line":6,"column":33}},"7":{"start":{"line":7,"column":0},"end":{"line":7,"column":47}},"8":{"start":{"line":8,"column":0},"end":{"line":8,"column":35}},"9":{"start":{"line":10,"column":0},"end":{"line":94,"column":3}},"10":{"start":{"line":19,"column":16},"end":{"line":19,"column":48}},"11":{"start":{"line":53,"column":16},"end":{"line":53,"column":67}},"12":{"start":{"line":65,"column":16},"end":{"line":65,"column":56}},"13":{"start":{"line":77,"column":16},"end":{"line":77,"column":45}},"14":{"start":{"line":89,"column":16},"end":{"line":89,"column":45}},"15":{"start":{"line":96,"column":0},"end":{"line":103,"column":3}},"16":{"start":{"line":98,"column":8},"end":{"line":98,"column":28}},"17":{"start":{"line":99,"column":8},"end":{"line":99,"column":25}},"18":{"start":{"line":101,"column":8},"end":{"line":101,"column":23}},"19":{"start":{"line":105,"column":0},"end":{"line":109,"column":2}},"20":{"start":{"line":106,"column":4},"end":{"line":106,"column":20}},"21":{"start":{"line":107,"column":4},"end":{"line":107,"column":86}},"22":{"start":{"line":108,"column":4},"end":{"line":108,"column":23}},"23":{"start":{"line":111,"column":0},"end":{"line":118,"column":2}},"24":{"start":{"line":112,"column":4},"end":{"line":112,"column":20}},"25":{"start":{"line":113,"column":4},"end":{"line":117,"column":7}},"26":{"start":{"line":120,"column":0},"end":{"line":124,"column":2}},"27":{"start":{"line":121,"column":4},"end":{"line":121,"column":20}},"28":{"start":{"line":122,"column":4},"end":{"line":122,"column":30}},"29":{"start":{"line":123,"column":4},"end":{"line":123,"column":22}},"30":{"start":{"line":126,"column":0},"end":{"line":130,"column":2}},"31":{"start":{"line":127,"column":4},"end":{"line":127,"column":20}},"32":{"start":{"line":128,"column":4},"end":{"line":128,"column":32}},"33":{"start":{"line":129,"column":4},"end":{"line":129,"column":22}},"34":{"start":{"line":132,"column":0},"end":{"line":136,"column":2}},"35":{"start":{"line":133,"column":4},"end":{"line":133,"column":20}},"36":{"start":{"line":134,"column":4},"end":{"line":134,"column":31}},"37":{"start":{"line":135,"column":4},"end":{"line":135,"column":22}},"38":{"start":{"line":138,"column":0},"end":{"line":142,"column":2}},"39":{"start":{"line":139,"column":4},"end":{"line":139,"column":20}},"40":{"start":{"line":140,"column":4},"end":{"line":140,"column":33}},"41":{"start":{"line":141,"column":4},"end":{"line":141,"column":22}},"42":{"start":{"line":144,"column":0},"end":{"line":163,"column":2}},"43":{"start":{"line":145,"column":4},"end":{"line":162,"column":5}},"44":{"start":{"line":146,"column":8},"end":{"line":147,"column":22}},"45":{"start":{"line":147,"column":12},"end":{"line":147,"column":22}},"46":{"start":{"line":148,"column":8},"end":{"line":149,"column":21}},"47":{"start":{"line":149,"column":12},"end":{"line":149,"column":21}},"48":{"start":{"line":150,"column":8},"end":{"line":151,"column":22}},"49":{"start":{"line":151,"column":12},"end":{"line":151,"column":22}},"50":{"start":{"line":152,"column":8},"end":{"line":152,"column":17}},"51":{"start":{"line":155,"column":8},"end":{"line":156,"column":22}},"52":{"start":{"line":156,"column":12},"end":{"line":156,"column":22}},"53":{"start":{"line":157,"column":8},"end":{"line":158,"column":21}},"54":{"start":{"line":158,"column":12},"end":{"line":158,"column":21}},"55":{"start":{"line":159,"column":8},"end":{"line":160,"column":22}},"56":{"start":{"line":160,"column":12},"end":{"line":160,"column":22}},"57":{"start":{"line":161,"column":8},"end":{"line":161,"column":17}},"58":{"start":{"line":165,"column":0},"end":{"line":171,"column":2}},"59":{"start":{"line":166,"column":4},"end":{"line":170,"column":7}},"60":{"start":{"line":167,"column":8},"end":{"line":167,"column":43}},"61":{"start":{"line":168,"column":8},"end":{"line":168,"column":43}},"62":{"start":{"line":168,"column":31},"end":{"line":168,"column":41}},"63":{"start":{"line":169,"column":8},"end":{"line":169,"column":38}},"64":{"start":{"line":173,"column":0},"end":{"line":179,"column":2}},"65":{"start":{"line":174,"column":4},"end":{"line":178,"column":7}},"66":{"start":{"line":175,"column":8},"end":{"line":175,"column":43}},"67":{"start":{"line":176,"column":8},"end":{"line":176,"column":43}},"68":{"start":{"line":176,"column":31},"end":{"line":176,"column":41}},"69":{"start":{"line":177,"column":8},"end":{"line":177,"column":38}},"70":{"start":{"line":181,"column":0},"end":{"line":184,"column":2}},"71":{"start":{"line":182,"column":4},"end":{"line":182,"column":20}},"72":{"start":{"line":183,"column":4},"end":{"line":183,"column":51}},"73":{"start":{"line":186,"column":0},"end":{"line":194,"column":2}},"74":{"start":{"line":188,"column":4},"end":{"line":192,"column":5}},"75":{"start":{"line":189,"column":8},"end":{"line":189,"column":44}},"76":{"start":{"line":191,"column":8},"end":{"line":191,"column":50}},"77":{"start":{"line":193,"column":4},"end":{"line":193,"column":33}},"78":{"start":{"line":196,"column":0},"end":{"line":224,"column":2}},"79":{"start":{"line":197,"column":4},"end":{"line":197,"column":46}},"80":{"start":{"line":198,"column":4},"end":{"line":198,"column":36}},"81":{"start":{"line":199,"column":4},"end":{"line":201,"column":5}},"82":{"start":{"line":200,"column":8},"end":{"line":200,"column":37}},"83":{"start":{"line":203,"column":4},"end":{"line":223,"column":7}},"84":{"start":{"line":204,"column":8},"end":{"line":207,"column":11}},"85":{"start":{"line":204,"column":19},"end":{"line":207,"column":11}},"86":{"start":{"line":209,"column":8},"end":{"line":214,"column":9}},"87":{"start":{"line":210,"column":12},"end":{"line":213,"column":14}},"88":{"start":{"line":215,"column":8},"end":{"line":222,"column":11}},"89":{"start":{"line":216,"column":12},"end":{"line":221,"column":15}},"90":{"start":{"line":217,"column":16},"end":{"line":220,"column":19}},"91":{"start":{"line":226,"column":0},"end":{"line":229,"column":2}},"92":{"start":{"line":227,"column":4},"end":{"line":227,"column":39}},"93":{"start":{"line":228,"column":4},"end":{"line":228,"column":45}},"94":{"start":{"line":231,"column":0},"end":{"line":243,"column":2}},"95":{"start":{"line":232,"column":4},"end":{"line":232,"column":28}},"96":{"start":{"line":233,"column":4},"end":{"line":236,"column":5}},"97":{"start":{"line":234,"column":8},"end":{"line":234,"column":51}},"98":{"start":{"line":235,"column":8},"end":{"line":235,"column":36}},"99":{"start":{"line":238,"column":4},"end":{"line":238,"column":54}},"100":{"start":{"line":239,"column":4},"end":{"line":239,"column":56}},"101":{"start":{"line":240,"column":4},"end":{"line":242,"column":51}},"102":{"start":{"line":242,"column":23},"end":{"line":242,"column":49}},"103":{"start":{"line":245,"column":0},"end":{"line":251,"column":2}},"104":{"start":{"line":247,"column":4},"end":{"line":250,"column":51}},"105":{"start":{"line":250,"column":23},"end":{"line":250,"column":49}},"106":{"start":{"line":253,"column":0},"end":{"line":260,"column":2}},"107":{"start":{"line":254,"column":4},"end":{"line":259,"column":7}},"108":{"start":{"line":255,"column":8},"end":{"line":258,"column":11}},"109":{"start":{"line":256,"column":12},"end":{"line":256,"column":30}},"110":{"start":{"line":256,"column":21},"end":{"line":256,"column":30}},"111":{"start":{"line":257,"column":12},"end":{"line":257,"column":26}},"112":{"start":{"line":262,"column":0},"end":{"line":281,"column":2}},"113":{"start":{"line":263,"column":4},"end":{"line":263,"column":46}},"114":{"start":{"line":264,"column":4},"end":{"line":266,"column":5}},"115":{"start":{"line":265,"column":8},"end":{"line":265,"column":37}},"116":{"start":{"line":268,"column":4},"end":{"line":280,"column":7}},"117":{"start":{"line":269,"column":8},"end":{"line":275,"column":11}},"118":{"start":{"line":277,"column":8},"end":{"line":277,"column":32}},"119":{"start":{"line":278,"column":8},"end":{"line":278,"column":37}},"120":{"start":{"line":279,"column":8},"end":{"line":279,"column":40}},"121":{"start":{"line":283,"column":0},"end":{"line":288,"column":2}},"122":{"start":{"line":284,"column":4},"end":{"line":287,"column":7}},"123":{"start":{"line":285,"column":8},"end":{"line":285,"column":34}},"124":{"start":{"line":286,"column":8},"end":{"line":286,"column":19}},"125":{"start":{"line":290,"column":0},"end":{"line":305,"column":2}},"126":{"start":{"line":291,"column":4},"end":{"line":304,"column":7}},"127":{"start":{"line":292,"column":8},"end":{"line":292,"column":38}},"128":{"start":{"line":293,"column":8},"end":{"line":293,"column":22}},"129":{"start":{"line":294,"column":8},"end":{"line":302,"column":9}},"130":{"start":{"line":295,"column":12},"end":{"line":295,"column":35}},"131":{"start":{"line":296,"column":12},"end":{"line":296,"column":140}},"132":{"start":{"line":297,"column":12},"end":{"line":297,"column":80}},"133":{"start":{"line":298,"column":12},"end":{"line":301,"column":13}},"134":{"start":{"line":299,"column":16},"end":{"line":299,"column":42}},"135":{"start":{"line":300,"column":16},"end":{"line":300,"column":24}},"136":{"start":{"line":303,"column":8},"end":{"line":303,"column":27}},"137":{"start":{"line":307,"column":0},"end":{"line":307,"column":48}},"138":{"start":{"line":308,"column":0},"end":{"line":308,"column":16}},"139":{"start":{"line":309,"column":0},"end":{"line":309,"column":36}},"140":{"start":{"line":310,"column":0},"end":{"line":310,"column":36}},"141":{"start":{"line":312,"column":0},"end":{"line":326,"column":36}},"142":{"start":{"line":314,"column":8},"end":{"line":323,"column":41}},"143":{"start":{"line":315,"column":12},"end":{"line":320,"column":14}},"144":{"start":{"line":321,"column":12},"end":{"line":321,"column":37}},"145":{"start":{"line":323,"column":12},"end":{"line":323,"column":41}},"146":{"start":{"line":325,"column":18},"end":{"line":325,"column":29}},"147":{"start":{"line":326,"column":18},"end":{"line":326,"column":34}},"148":{"start":{"line":328,"column":0},"end":{"line":328,"column":22}}},"branchMap":{"1":{"line":53,"type":"binary-expr","locations":[{"start":{"line":53,"column":25},"end":{"line":53,"column":32}},{"start":{"line":53,"column":36},"end":{"line":53,"column":43}},{"start":{"line":53,"column":47},"end":{"line":53,"column":54}},{"start":{"line":53,"column":58},"end":{"line":53,"column":65}}]},"2":{"line":65,"type":"binary-expr","locations":[{"start":{"line":65,"column":25},"end":{"line":65,"column":32}},{"start":{"line":65,"column":36},"end":{"line":65,"column":43}},{"start":{"line":65,"column":47},"end":{"line":65,"column":54}}]},"3":{"line":77,"type":"binary-expr","locations":[{"start":{"line":77,"column":25},"end":{"line":77,"column":32}},{"start":{"line":77,"column":36},"end":{"line":77,"column":43}}]},"4":{"line":89,"type":"binary-expr","locations":[{"start":{"line":89,"column":25},"end":{"line":89,"column":32}},{"start":{"line":89,"column":36},"end":{"line":89,"column":43}}]},"5":{"line":145,"type":"if","locations":[{"start":{"line":145,"column":4},"end":{"line":145,"column":4}},{"start":{"line":145,"column":4},"end":{"line":145,"column":4}}]},"6":{"line":145,"type":"binary-expr","locations":[{"start":{"line":145,"column":9},"end":{"line":145,"column":26}},{"start":{"line":145,"column":30},"end":{"line":145,"column":47}}]},"7":{"line":146,"type":"if","locations":[{"start":{"line":146,"column":8},"end":{"line":146,"column":8}},{"start":{"line":146,"column":8},"end":{"line":146,"column":8}}]},"8":{"line":146,"type":"binary-expr","locations":[{"start":{"line":146,"column":12},"end":{"line":146,"column":29}},{"start":{"line":146,"column":33},"end":{"line":146,"column":51}}]},"9":{"line":148,"type":"if","locations":[{"start":{"line":148,"column":8},"end":{"line":148,"column":8}},{"start":{"line":148,"column":8},"end":{"line":148,"column":8}}]},"10":{"line":148,"type":"binary-expr","locations":[{"start":{"line":148,"column":12},"end":{"line":148,"column":30}},{"start":{"line":148,"column":34},"end":{"line":148,"column":51}}]},"11":{"line":150,"type":"if","locations":[{"start":{"line":150,"column":8},"end":{"line":150,"column":8}},{"start":{"line":150,"column":8},"end":{"line":150,"column":8}}]},"12":{"line":155,"type":"if","locations":[{"start":{"line":155,"column":8},"end":{"line":155,"column":8}},{"start":{"line":155,"column":8},"end":{"line":155,"column":8}}]},"13":{"line":155,"type":"binary-expr","locations":[{"start":{"line":155,"column":12},"end":{"line":155,"column":28}},{"start":{"line":155,"column":32},"end":{"line":155,"column":49}}]},"14":{"line":157,"type":"if","locations":[{"start":{"line":157,"column":8},"end":{"line":157,"column":8}},{"start":{"line":157,"column":8},"end":{"line":157,"column":8}}]},"15":{"line":157,"type":"binary-expr","locations":[{"start":{"line":157,"column":12},"end":{"line":157,"column":29}},{"start":{"line":157,"column":33},"end":{"line":157,"column":49}}]},"16":{"line":159,"type":"if","locations":[{"start":{"line":159,"column":8},"end":{"line":159,"column":8}},{"start":{"line":159,"column":8},"end":{"line":159,"column":8}}]},"17":{"line":199,"type":"if","locations":[{"start":{"line":199,"column":4},"end":{"line":199,"column":4}},{"start":{"line":199,"column":4},"end":{"line":199,"column":4}}]},"18":{"line":204,"type":"if","locations":[{"start":{"line":204,"column":8},"end":{"line":204,"column":8}},{"start":{"line":204,"column":8},"end":{"line":204,"column":8}}]},"19":{"line":209,"type":"if","locations":[{"start":{"line":209,"column":8},"end":{"line":209,"column":8}},{"start":{"line":209,"column":8},"end":{"line":209,"column":8}}]},"20":{"line":217,"type":"cond-expr","locations":[{"start":{"line":217,"column":31},"end":{"line":217,"column":44}},{"start":{"line":217,"column":47},"end":{"line":220,"column":18}}]},"21":{"line":256,"type":"if","locations":[{"start":{"line":256,"column":12},"end":{"line":256,"column":12}},{"start":{"line":256,"column":12},"end":{"line":256,"column":12}}]},"22":{"line":264,"type":"if","locations":[{"start":{"line":264,"column":4},"end":{"line":264,"column":4}},{"start":{"line":264,"column":4},"end":{"line":264,"column":4}}]},"23":{"line":272,"type":"cond-expr","locations":[{"start":{"line":272,"column":44},"end":{"line":272,"column":60}},{"start":{"line":272,"column":63},"end":{"line":272,"column":90}}]},"24":{"line":273,"type":"cond-expr","locations":[{"start":{"line":273,"column":40},"end":{"line":273,"column":54}},{"start":{"line":273,"column":57},"end":{"line":273,"column":77}}]},"25":{"line":278,"type":"binary-expr","locations":[{"start":{"line":278,"column":22},"end":{"line":278,"column":30}},{"start":{"line":278,"column":34},"end":{"line":278,"column":36}}]},"26":{"line":298,"type":"if","locations":[{"start":{"line":298,"column":12},"end":{"line":298,"column":12}},{"start":{"line":298,"column":12},"end":{"line":298,"column":12}}]},"27":{"line":314,"type":"if","locations":[{"start":{"line":314,"column":8},"end":{"line":314,"column":8}},{"start":{"line":314,"column":8},"end":{"line":314,"column":8}}]}}},"/Users/morrisqin/Documents/GitHub/f17-ESN-SA4/models/reservedName.js":{"path":"/Users/morrisqin/Documents/GitHub/f17-ESN-SA4/models/reservedName.js","s":{"1":1,"2":1},"b":{},"f":{},"fnMap":{},"statementMap":{"1":{"start":{"line":1,"column":0},"end":{"line":28,"column":84}},"2":{"start":{"line":30,"column":0},"end":{"line":30,"column":34}}},"branchMap":{}},"/Users/morrisqin/Documents/GitHub/f17-ESN-SA4/controllers/distance.js":{"path":"/Users/morrisqin/Documents/GitHub/f17-ESN-SA4/controllers/distance.js","s":{"1":1,"2":1,"3":1,"4":9,"5":1,"6":4,"7":1,"8":3,"9":3,"10":3,"11":3,"12":3,"13":3,"14":3,"15":3,"16":3,"17":3,"18":3,"19":3,"20":3,"21":3,"22":3,"23":3,"24":3,"25":3,"26":3,"27":3,"28":1},"b":{"1":[1,3],"2":[4,1]},"f":{"1":9},"fnMap":{"1":{"name":"getRad","line":4,"loc":{"start":{"line":4,"column":0},"end":{"line":4,"column":18}}}},"statementMap":{"1":{"start":{"line":1,"column":0},"end":{"line":1,"column":29}},"2":{"start":{"line":2,"column":0},"end":{"line":2,"column":17}},"3":{"start":{"line":4,"column":0},"end":{"line":6,"column":1}},"4":{"start":{"line":5,"column":4},"end":{"line":5,"column":22}},"5":{"start":{"line":8,"column":0},"end":{"line":40,"column":1}},"6":{"start":{"line":9,"column":4},"end":{"line":11,"column":5}},"7":{"start":{"line":10,"column":8},"end":{"line":10,"column":17}},"8":{"start":{"line":12,"column":4},"end":{"line":12,"column":36}},"9":{"start":{"line":13,"column":4},"end":{"line":13,"column":36}},"10":{"start":{"line":14,"column":4},"end":{"line":14,"column":36}},"11":{"start":{"line":17,"column":4},"end":{"line":17,"column":25}},"12":{"start":{"line":18,"column":4},"end":{"line":18,"column":25}},"13":{"start":{"line":19,"column":4},"end":{"line":19,"column":25}},"14":{"start":{"line":22,"column":4},"end":{"line":22,"column":24}},"15":{"start":{"line":23,"column":4},"end":{"line":23,"column":25}},"16":{"start":{"line":24,"column":4},"end":{"line":24,"column":23}},"17":{"start":{"line":26,"column":4},"end":{"line":26,"column":15}},"18":{"start":{"line":27,"column":4},"end":{"line":27,"column":15}},"19":{"start":{"line":28,"column":4},"end":{"line":28,"column":15}},"20":{"start":{"line":30,"column":4},"end":{"line":30,"column":30}},"21":{"start":{"line":31,"column":4},"end":{"line":31,"column":30}},"22":{"start":{"line":33,"column":4},"end":{"line":33,"column":34}},"23":{"start":{"line":34,"column":4},"end":{"line":34,"column":25}},"24":{"start":{"line":35,"column":4},"end":{"line":35,"column":14}},"25":{"start":{"line":36,"column":4},"end":{"line":36,"column":22}},"26":{"start":{"line":37,"column":4},"end":{"line":37,"column":22}},"27":{"start":{"line":39,"column":4},"end":{"line":39,"column":52}},"28":{"start":{"line":42,"column":0},"end":{"line":42,"column":39}}},"branchMap":{"1":{"line":9,"type":"if","locations":[{"start":{"line":9,"column":4},"end":{"line":9,"column":4}},{"start":{"line":9,"column":4},"end":{"line":9,"column":4}}]},"2":{"line":9,"type":"binary-expr","locations":[{"start":{"line":9,"column":7},"end":{"line":9,"column":23}},{"start":{"line":9,"column":27},"end":{"line":9,"column":43}}]}}},"/Users/morrisqin/Documents/GitHub/f17-ESN-SA4/models/const.js":{"path":"/Users/morrisqin/Documents/GitHub/f17-ESN-SA4/models/const.js","s":{"1":1,"2":1},"b":{},"f":{},"fnMap":{},"statementMap":{"1":{"start":{"line":1,"column":0},"end":{"line":14,"column":2}},"2":{"start":{"line":16,"column":0},"end":{"line":18,"column":2}}},"branchMap":{}},"/Users/morrisqin/Documents/GitHub/f17-ESN-SA4/models/dangerous_zone.js":{"path":"/Users/morrisqin/Documents/GitHub/f17-ESN-SA4/models/dangerous_zone.js","s":{"1":1,"2":1,"3":1,"4":4,"5":5,"6":5,"7":3,"8":1,"9":1},"b":{},"f":{"1":1,"2":4,"3":5,"4":3},"fnMap":{"1":{"name":"(anonymous_1)","line":25,"loc":{"start":{"line":25,"column":15},"end":{"line":25,"column":17}}},"2":{"name":"(anonymous_2)","line":29,"loc":{"start":{"line":29,"column":23},"end":{"line":29,"column":25}}},"3":{"name":"(anonymous_3)","line":38,"loc":{"start":{"line":38,"column":21},"end":{"line":38,"column":55}}},"4":{"name":"(anonymous_4)","line":43,"loc":{"start":{"line":43,"column":9},"end":{"line":43,"column":11}}}},"statementMap":{"1":{"start":{"line":1,"column":0},"end":{"line":1,"column":36}},"2":{"start":{"line":4,"column":0},"end":{"line":22,"column":3}},"3":{"start":{"line":26,"column":8},"end":{"line":26,"column":87}},"4":{"start":{"line":30,"column":8},"end":{"line":30,"column":46}},"5":{"start":{"line":39,"column":8},"end":{"line":39,"column":95}},"6":{"start":{"line":40,"column":8},"end":{"line":40,"column":39}},"7":{"start":{"line":44,"column":8},"end":{"line":44,"column":48}},"8":{"start":{"line":48,"column":0},"end":{"line":48,"column":48}},"9":{"start":{"line":49,"column":0},"end":{"line":49,"column":39}}},"branchMap":{}},"/Users/morrisqin/Documents/GitHub/f17-ESN-SA4/models/poll.js":{"path":"/Users/morrisqin/Documents/GitHub/f17-ESN-SA4/models/poll.js","s":{"1":1,"2":1,"3":1,"4":1,"5":8,"6":8,"7":37,"8":8,"9":8,"10":8,"11":2,"12":2,"13":0,"14":2,"15":2,"16":2,"17":4,"18":7,"19":1,"20":1},"b":{"1":[0,2]},"f":{"1":1,"2":1,"3":8,"4":2,"5":2,"6":4,"7":7},"fnMap":{"1":{"name":"(anonymous_1)","line":31,"loc":{"start":{"line":31,"column":15},"end":{"line":31,"column":18}}},"2":{"name":"(anonymous_2)","line":35,"loc":{"start":{"line":35,"column":15},"end":{"line":35,"column":18}}},"3":{"name":"(anonymous_3)","line":39,"loc":{"start":{"line":39,"column":12},"end":{"line":39,"column":78}}},"4":{"name":"(anonymous_4)","line":58,"loc":{"start":{"line":58,"column":12},"end":{"line":58,"column":37}}},"5":{"name":"(anonymous_5)","line":59,"loc":{"start":{"line":59,"column":45},"end":{"line":59,"column":65}}},"6":{"name":"(anonymous_6)","line":68,"loc":{"start":{"line":68,"column":12},"end":{"line":68,"column":16}}},"7":{"name":"(anonymous_7)","line":73,"loc":{"start":{"line":73,"column":9},"end":{"line":73,"column":11}}}},"statementMap":{"1":{"start":{"line":1,"column":0},"end":{"line":1,"column":37}},"2":{"start":{"line":2,"column":0},"end":{"line":28,"column":3}},"3":{"start":{"line":32,"column":8},"end":{"line":32,"column":60}},"4":{"start":{"line":36,"column":8},"end":{"line":36,"column":59}},"5":{"start":{"line":40,"column":8},"end":{"line":40,"column":24}},"6":{"start":{"line":41,"column":8},"end":{"line":43,"column":9}},"7":{"start":{"line":42,"column":12},"end":{"line":42,"column":29}},"8":{"start":{"line":44,"column":8},"end":{"line":44,"column":21}},"9":{"start":{"line":45,"column":8},"end":{"line":54,"column":11}},"10":{"start":{"line":56,"column":8},"end":{"line":56,"column":31}},"11":{"start":{"line":59,"column":8},"end":{"line":66,"column":11}},"12":{"start":{"line":60,"column":12},"end":{"line":62,"column":13}},"13":{"start":{"line":61,"column":16},"end":{"line":61,"column":33}},"14":{"start":{"line":63,"column":12},"end":{"line":63,"column":63}},"15":{"start":{"line":64,"column":12},"end":{"line":64,"column":38}},"16":{"start":{"line":65,"column":12},"end":{"line":65,"column":24}},"17":{"start":{"line":69,"column":8},"end":{"line":69,"column":48}},"18":{"start":{"line":74,"column":8},"end":{"line":74,"column":39}},"19":{"start":{"line":78,"column":0},"end":{"line":78,"column":23}},"20":{"start":{"line":79,"column":0},"end":{"line":79,"column":23}}},"branchMap":{"1":{"line":60,"type":"if","locations":[{"start":{"line":60,"column":12},"end":{"line":60,"column":12}},{"start":{"line":60,"column":12},"end":{"line":60,"column":12}}]}}},"/Users/morrisqin/Documents/GitHub/f17-ESN-SA4/models/announcement.js":{"path":"/Users/morrisqin/Documents/GitHub/f17-ESN-SA4/models/announcement.js","s":{"1":1,"2":1,"3":1,"4":1,"5":1,"6":65,"7":65,"8":65,"9":1,"10":64,"11":64,"12":7,"13":7,"14":4,"15":4,"16":4,"17":4,"18":4,"19":4,"20":4,"21":17,"22":1,"23":1},"b":{"1":[1,64],"2":[1,6],"3":[7,6]},"f":{"1":1,"2":65,"3":7,"4":4,"5":17},"fnMap":{"1":{"name":"(anonymous_1)","line":19,"loc":{"start":{"line":19,"column":15},"end":{"line":19,"column":18}}},"2":{"name":"(anonymous_2)","line":23,"loc":{"start":{"line":23,"column":22},"end":{"line":23,"column":42}}},"3":{"name":"(anonymous_3)","line":39,"loc":{"start":{"line":39,"column":25},"end":{"line":39,"column":33}}},"4":{"name":"(anonymous_4)","line":47,"loc":{"start":{"line":47,"column":22},"end":{"line":47,"column":64}}},"5":{"name":"(anonymous_5)","line":63,"loc":{"start":{"line":63,"column":9},"end":{"line":63,"column":12}}}},"statementMap":{"1":{"start":{"line":1,"column":0},"end":{"line":1,"column":37}},"2":{"start":{"line":2,"column":0},"end":{"line":2,"column":33}},"3":{"start":{"line":3,"column":0},"end":{"line":3,"column":31}},"4":{"start":{"line":5,"column":0},"end":{"line":16,"column":3}},"5":{"start":{"line":20,"column":8},"end":{"line":20,"column":84}},"6":{"start":{"line":24,"column":8},"end":{"line":24,"column":43}},"7":{"start":{"line":25,"column":8},"end":{"line":35,"column":15}},"8":{"start":{"line":27,"column":16},"end":{"line":32,"column":17}},"9":{"start":{"line":28,"column":20},"end":{"line":31,"column":23}},"10":{"start":{"line":33,"column":16},"end":{"line":33,"column":92}},"11":{"start":{"line":34,"column":16},"end":{"line":34,"column":43}},"12":{"start":{"line":40,"column":8},"end":{"line":40,"column":60}},"13":{"start":{"line":41,"column":8},"end":{"line":44,"column":26}},"14":{"start":{"line":48,"column":8},"end":{"line":48,"column":23}},"15":{"start":{"line":49,"column":8},"end":{"line":49,"column":34}},"16":{"start":{"line":50,"column":8},"end":{"line":53,"column":9}},"17":{"start":{"line":51,"column":12},"end":{"line":51,"column":54}},"18":{"start":{"line":52,"column":12},"end":{"line":52,"column":39}},"19":{"start":{"line":54,"column":8},"end":{"line":60,"column":15}},"20":{"start":{"line":59,"column":16},"end":{"line":59,"column":40}},"21":{"start":{"line":64,"column":8},"end":{"line":64,"column":49}},"22":{"start":{"line":68,"column":0},"end":{"line":68,"column":44}},"23":{"start":{"line":70,"column":0},"end":{"line":70,"column":30}}},"branchMap":{"1":{"line":27,"type":"if","locations":[{"start":{"line":27,"column":16},"end":{"line":27,"column":16}},{"start":{"line":27,"column":16},"end":{"line":27,"column":16}}]},"2":{"line":40,"type":"cond-expr","locations":[{"start":{"line":40,"column":40},"end":{"line":40,"column":41}},{"start":{"line":40,"column":44},"end":{"line":40,"column":59}}]},"3":{"line":40,"type":"binary-expr","locations":[{"start":{"line":40,"column":17},"end":{"line":40,"column":23}},{"start":{"line":40,"column":27},"end":{"line":40,"column":36}}]}}},"/Users/morrisqin/Documents/GitHub/f17-ESN-SA4/models/private_message.js":{"path":"/Users/morrisqin/Documents/GitHub/f17-ESN-SA4/models/private_message.js","s":{"1":1,"2":1,"3":1,"4":0,"5":1,"6":3,"7":3,"8":54,"9":54,"10":1,"11":1,"12":1,"13":1,"14":1,"15":1,"16":1,"17":1,"18":1,"19":10,"20":1,"21":1},"b":{},"f":{"1":0,"2":1,"3":3,"4":54,"5":1,"6":10},"fnMap":{"1":{"name":"(anonymous_1)","line":33,"loc":{"start":{"line":33,"column":37},"end":{"line":33,"column":47}}},"2":{"name":"(anonymous_2)","line":38,"loc":{"start":{"line":38,"column":15},"end":{"line":38,"column":17}}},"3":{"name":"(anonymous_3)","line":42,"loc":{"start":{"line":42,"column":25},"end":{"line":42,"column":37}}},"4":{"name":"(anonymous_4)","line":47,"loc":{"start":{"line":47,"column":15},"end":{"line":47,"column":68}}},"5":{"name":"(anonymous_5)","line":52,"loc":{"start":{"line":52,"column":24},"end":{"line":52,"column":90}}},"6":{"name":"(anonymous_6)","line":68,"loc":{"start":{"line":68,"column":9},"end":{"line":68,"column":11}}}},"statementMap":{"1":{"start":{"line":1,"column":0},"end":{"line":1,"column":36}},"2":{"start":{"line":3,"column":0},"end":{"line":31,"column":3}},"3":{"start":{"line":33,"column":0},"end":{"line":35,"column":2}},"4":{"start":{"line":34,"column":4},"end":{"line":34,"column":138}},"5":{"start":{"line":39,"column":8},"end":{"line":39,"column":83}},"6":{"start":{"line":43,"column":8},"end":{"line":43,"column":100}},"7":{"start":{"line":44,"column":8},"end":{"line":44,"column":45}},"8":{"start":{"line":48,"column":8},"end":{"line":48,"column":97}},"9":{"start":{"line":49,"column":8},"end":{"line":49,"column":30}},"10":{"start":{"line":53,"column":8},"end":{"line":53,"column":23}},"11":{"start":{"line":54,"column":8},"end":{"line":57,"column":9}},"12":{"start":{"line":55,"column":12},"end":{"line":55,"column":54}},"13":{"start":{"line":56,"column":12},"end":{"line":56,"column":39}},"14":{"start":{"line":59,"column":8},"end":{"line":59,"column":24}},"15":{"start":{"line":60,"column":8},"end":{"line":60,"column":68}},"16":{"start":{"line":61,"column":8},"end":{"line":61,"column":68}},"17":{"start":{"line":63,"column":8},"end":{"line":65,"column":11}},"18":{"start":{"line":64,"column":12},"end":{"line":64,"column":31}},"19":{"start":{"line":69,"column":8},"end":{"line":69,"column":42}},"20":{"start":{"line":73,"column":0},"end":{"line":73,"column":41}},"21":{"start":{"line":74,"column":0},"end":{"line":74,"column":33}}},"branchMap":{}},"/Users/morrisqin/Documents/GitHub/f17-ESN-SA4/app.js":{"path":"/Users/morrisqin/Documents/GitHub/f17-ESN-SA4/app.js","s":{"1":1,"2":1,"3":1,"4":1,"5":1,"6":1,"7":1,"8":1,"9":1,"10":1,"11":1,"12":1,"13":1,"14":1,"15":1,"16":1,"17":1,"18":1,"19":1,"20":1,"21":1,"22":1,"23":1,"24":1,"25":1,"26":1,"27":1,"28":1,"29":1,"30":1,"31":1,"32":1,"33":1,"34":1,"35":1,"36":1,"37":1,"38":1,"39":1,"40":1},"b":{},"f":{},"fnMap":{},"statementMap":{"1":{"start":{"line":1,"column":0},"end":{"line":1,"column":35}},"2":{"start":{"line":2,"column":0},"end":{"line":2,"column":29}},"3":{"start":{"line":3,"column":0},"end":{"line":3,"column":38}},"4":{"start":{"line":5,"column":0},"end":{"line":5,"column":29}},"5":{"start":{"line":6,"column":0},"end":{"line":6,"column":33}},"6":{"start":{"line":7,"column":0},"end":{"line":7,"column":46}},"7":{"start":{"line":8,"column":0},"end":{"line":8,"column":42}},"8":{"start":{"line":9,"column":0},"end":{"line":9,"column":41}},"9":{"start":{"line":11,"column":0},"end":{"line":11,"column":23}},"10":{"start":{"line":13,"column":0},"end":{"line":13,"column":46}},"11":{"start":{"line":14,"column":0},"end":{"line":14,"column":49}},"12":{"start":{"line":15,"column":0},"end":{"line":15,"column":60}},"13":{"start":{"line":16,"column":0},"end":{"line":16,"column":59}},"14":{"start":{"line":17,"column":0},"end":{"line":17,"column":51}},"15":{"start":{"line":18,"column":0},"end":{"line":18,"column":46}},"16":{"start":{"line":19,"column":0},"end":{"line":19,"column":63}},"17":{"start":{"line":20,"column":0},"end":{"line":20,"column":44}},"18":{"start":{"line":22,"column":0},"end":{"line":22,"column":20}},"19":{"start":{"line":23,"column":0},"end":{"line":23,"column":30}},"20":{"start":{"line":24,"column":0},"end":{"line":24,"column":26}},"21":{"start":{"line":26,"column":0},"end":{"line":26,"column":48}},"22":{"start":{"line":27,"column":0},"end":{"line":27,"column":30}},"23":{"start":{"line":29,"column":0},"end":{"line":29,"column":23}},"24":{"start":{"line":30,"column":0},"end":{"line":30,"column":72}},"25":{"start":{"line":31,"column":0},"end":{"line":31,"column":27}},"26":{"start":{"line":32,"column":0},"end":{"line":32,"column":52}},"27":{"start":{"line":33,"column":0},"end":{"line":33,"column":24}},"28":{"start":{"line":34,"column":0},"end":{"line":34,"column":56}},"29":{"start":{"line":37,"column":0},"end":{"line":37,"column":20}},"30":{"start":{"line":38,"column":0},"end":{"line":38,"column":29}},"31":{"start":{"line":39,"column":0},"end":{"line":39,"column":39}},"32":{"start":{"line":40,"column":0},"end":{"line":40,"column":38}},"33":{"start":{"line":41,"column":0},"end":{"line":41,"column":36}},"34":{"start":{"line":42,"column":0},"end":{"line":42,"column":26}},"35":{"start":{"line":43,"column":0},"end":{"line":43,"column":42}},"36":{"start":{"line":44,"column":0},"end":{"line":44,"column":23}},"37":{"start":{"line":46,"column":0},"end":{"line":46,"column":30}},"38":{"start":{"line":48,"column":0},"end":{"line":50,"column":3}},"39":{"start":{"line":49,"column":4},"end":{"line":49,"column":65}},"40":{"start":{"line":52,"column":0},"end":{"line":56,"column":2}}},"branchMap":{}},"/Users/morrisqin/Documents/GitHub/f17-ESN-SA4/routes/index_route.js":{"path":"/Users/morrisqin/Documents/GitHub/f17-ESN-SA4/routes/index_route.js","s":{"1":1,"2":1,"3":1,"4":1,"5":1,"6":1,"7":1,"8":1,"9":1,"10":1,"11":1,"12":1,"13":1,"14":1,"15":1},"b":{},"f":{},"fnMap":{},"statementMap":{"1":{"start":{"line":1,"column":0},"end":{"line":1,"column":35}},"2":{"start":{"line":2,"column":0},"end":{"line":2,"column":32}},"3":{"start":{"line":3,"column":0},"end":{"line":3,"column":62}},"4":{"start":{"line":4,"column":0},"end":{"line":4,"column":77}},"5":{"start":{"line":5,"column":0},"end":{"line":5,"column":51}},"6":{"start":{"line":8,"column":0},"end":{"line":8,"column":37}},"7":{"start":{"line":9,"column":0},"end":{"line":9,"column":57}},"8":{"start":{"line":10,"column":0},"end":{"line":10,"column":65}},"9":{"start":{"line":12,"column":0},"end":{"line":12,"column":54}},"10":{"start":{"line":13,"column":0},"end":{"line":13,"column":48}},"11":{"start":{"line":14,"column":0},"end":{"line":14,"column":58}},"12":{"start":{"line":16,"column":0},"end":{"line":16,"column":60}},"13":{"start":{"line":17,"column":0},"end":{"line":17,"column":72}},"14":{"start":{"line":18,"column":0},"end":{"line":18,"column":73}},"15":{"start":{"line":20,"column":0},"end":{"line":20,"column":24}}},"branchMap":{}},"/Users/morrisqin/Documents/GitHub/f17-ESN-SA4/controllers/index_controller.js":{"path":"/Users/morrisqin/Documents/GitHub/f17-ESN-SA4/controllers/index_controller.js","s":{"1":1,"2":1,"3":1,"4":1,"5":1,"6":0,"7":1,"8":0,"9":1,"10":28,"11":28,"12":26,"13":26,"14":26,"15":2,"16":1,"17":6,"18":6,"19":6,"20":6,"21":6,"22":0,"23":1,"24":1,"25":1,"26":1,"27":1,"28":1,"29":1,"30":1,"31":1,"32":1,"33":0,"34":1,"35":3,"36":3,"37":3,"38":3,"39":3,"40":3,"41":0,"42":1},"b":{},"f":{},"fnMap":{},"statementMap":{"1":{"start":{"line":1,"column":0},"end":{"line":1,"column":28}},"2":{"start":{"line":2,"column":0},"end":{"line":2,"column":39}},"3":{"start":{"line":3,"column":0},"end":{"line":3,"column":40}},"4":{"start":{"line":4,"column":0},"end":{"line":4,"column":43}},"5":{"start":{"line":6,"column":0},"end":{"line":8,"column":2}},"6":{"start":{"line":7,"column":4},"end":{"line":7,"column":24}},"7":{"start":{"line":10,"column":0},"end":{"line":12,"column":2}},"8":{"start":{"line":11,"column":4},"end":{"line":11,"column":32}},"9":{"start":{"line":14,"column":0},"end":{"line":23,"column":2}},"10":{"start":{"line":15,"column":4},"end":{"line":15,"column":59}},"11":{"start":{"line":16,"column":4},"end":{"line":22,"column":44}},"12":{"start":{"line":17,"column":22},"end":{"line":17,"column":42}},"13":{"start":{"line":18,"column":22},"end":{"line":18,"column":66}},"14":{"start":{"line":20,"column":12},"end":{"line":20,"column":63}},"15":{"start":{"line":22,"column":22},"end":{"line":22,"column":42}},"16":{"start":{"line":25,"column":0},"end":{"line":34,"column":2}},"17":{"start":{"line":26,"column":4},"end":{"line":26,"column":58}},"18":{"start":{"line":27,"column":4},"end":{"line":33,"column":44}},"19":{"start":{"line":28,"column":22},"end":{"line":28,"column":42}},"20":{"start":{"line":29,"column":22},"end":{"line":29,"column":66}},"21":{"start":{"line":31,"column":12},"end":{"line":31,"column":63}},"22":{"start":{"line":33,"column":22},"end":{"line":33,"column":42}},"23":{"start":{"line":36,"column":0},"end":{"line":52,"column":2}},"24":{"start":{"line":37,"column":4},"end":{"line":37,"column":24}},"25":{"start":{"line":38,"column":4},"end":{"line":51,"column":44}},"26":{"start":{"line":39,"column":20},"end":{"line":39,"column":65}},"27":{"start":{"line":40,"column":20},"end":{"line":40,"column":45}},"28":{"start":{"line":42,"column":12},"end":{"line":42,"column":44}},"29":{"start":{"line":43,"column":12},"end":{"line":43,"column":39}},"30":{"start":{"line":44,"column":12},"end":{"line":44,"column":25}},"31":{"start":{"line":46,"column":12},"end":{"line":49,"column":18}},"32":{"start":{"line":48,"column":20},"end":{"line":48,"column":57}},"33":{"start":{"line":51,"column":22},"end":{"line":51,"column":42}},"34":{"start":{"line":54,"column":0},"end":{"line":70,"column":2}},"35":{"start":{"line":56,"column":4},"end":{"line":69,"column":44}},"36":{"start":{"line":58,"column":12},"end":{"line":58,"column":44}},"37":{"start":{"line":61,"column":12},"end":{"line":61,"column":39}},"38":{"start":{"line":62,"column":12},"end":{"line":62,"column":30}},"39":{"start":{"line":64,"column":12},"end":{"line":67,"column":18}},"40":{"start":{"line":66,"column":20},"end":{"line":66,"column":57}},"41":{"start":{"line":69,"column":22},"end":{"line":69,"column":42}},"42":{"start":{"line":72,"column":0},"end":{"line":79,"column":2}}},"branchMap":{}},"/Users/morrisqin/Documents/GitHub/f17-ESN-SA4/controllers/utils.js":{"path":"/Users/morrisqin/Documents/GitHub/f17-ESN-SA4/controllers/utils.js","s":{"1":1,"2":1,"3":1,"4":4,"5":2,"6":2,"7":2,"8":2,"9":2,"10":2,"11":2,"12":2,"13":1,"14":34,"15":30,"16":1,"17":2,"18":2,"19":1,"20":9,"21":9,"22":9,"23":1,"24":45,"25":45,"26":29,"27":16,"28":16,"29":45,"30":1,"31":45,"32":45,"33":45,"34":3,"35":42,"36":42,"37":1,"38":1,"39":41,"40":0,"41":41,"42":2,"43":39,"44":39,"45":39,"46":3,"47":1},"b":{"1":[2,2],"2":[2,0],"3":[29,16],"4":[45,23,18],"5":[16,0],"6":[3,42],"7":[1,41],"8":[0,41],"9":[2,39]},"f":{},"fnMap":{},"statementMap":{"1":{"start":{"line":1,"column":0},"end":{"line":1,"column":39}},"2":{"start":{"line":2,"column":0},"end":{"line":2,"column":43}},"3":{"start":{"line":4,"column":0},"end":{"line":18,"column":2}},"4":{"start":{"line":5,"column":4},"end":{"line":17,"column":5}},"5":{"start":{"line":6,"column":8},"end":{"line":6,"column":26}},"6":{"start":{"line":7,"column":8},"end":{"line":9,"column":9}},"7":{"start":{"line":8,"column":12},"end":{"line":8,"column":46}},"8":{"start":{"line":10,"column":8},"end":{"line":10,"column":39}},"9":{"start":{"line":13,"column":8},"end":{"line":13,"column":25}},"10":{"start":{"line":14,"column":8},"end":{"line":15,"column":30}},"11":{"start":{"line":15,"column":12},"end":{"line":15,"column":30}},"12":{"start":{"line":16,"column":8},"end":{"line":16,"column":35}},"13":{"start":{"line":21,"column":0},"end":{"line":25,"column":2}},"14":{"start":{"line":22,"column":4},"end":{"line":24,"column":6}},"15":{"start":{"line":23,"column":8},"end":{"line":23,"column":54}},"16":{"start":{"line":28,"column":0},"end":{"line":32,"column":2}},"17":{"start":{"line":29,"column":4},"end":{"line":31,"column":6}},"18":{"start":{"line":30,"column":8},"end":{"line":30,"column":61}},"19":{"start":{"line":35,"column":0},"end":{"line":40,"column":2}},"20":{"start":{"line":36,"column":4},"end":{"line":39,"column":6}},"21":{"start":{"line":37,"column":8},"end":{"line":37,"column":74}},"22":{"start":{"line":38,"column":8},"end":{"line":38,"column":56}},"23":{"start":{"line":42,"column":0},"end":{"line":50,"column":2}},"24":{"start":{"line":43,"column":4},"end":{"line":43,"column":21}},"25":{"start":{"line":44,"column":4},"end":{"line":48,"column":5}},"26":{"start":{"line":45,"column":8},"end":{"line":45,"column":31}},"27":{"start":{"line":46,"column":10},"end":{"line":48,"column":5}},"28":{"start":{"line":47,"column":8},"end":{"line":47,"column":32}},"29":{"start":{"line":49,"column":4},"end":{"line":49,"column":17}},"30":{"start":{"line":52,"column":0},"end":{"line":77,"column":2}},"31":{"start":{"line":53,"column":4},"end":{"line":53,"column":32}},"32":{"start":{"line":54,"column":4},"end":{"line":54,"column":37}},"33":{"start":{"line":55,"column":4},"end":{"line":57,"column":5}},"34":{"start":{"line":56,"column":8},"end":{"line":56,"column":77}},"35":{"start":{"line":58,"column":4},"end":{"line":76,"column":7}},"36":{"start":{"line":59,"column":8},"end":{"line":62,"column":9}},"37":{"start":{"line":60,"column":12},"end":{"line":60,"column":44}},"38":{"start":{"line":61,"column":12},"end":{"line":61,"column":36}},"39":{"start":{"line":64,"column":8},"end":{"line":66,"column":9}},"40":{"start":{"line":65,"column":12},"end":{"line":65,"column":36}},"41":{"start":{"line":68,"column":8},"end":{"line":70,"column":9}},"42":{"start":{"line":69,"column":12},"end":{"line":69,"column":36}},"43":{"start":{"line":71,"column":8},"end":{"line":71,"column":24}},"44":{"start":{"line":72,"column":8},"end":{"line":72,"column":26}},"45":{"start":{"line":73,"column":8},"end":{"line":73,"column":15}},"46":{"start":{"line":75,"column":8},"end":{"line":75,"column":70}},"47":{"start":{"line":79,"column":0},"end":{"line":79,"column":67}}},"branchMap":{"1":{"line":5,"type":"if","locations":[{"start":{"line":5,"column":4},"end":{"line":5,"column":4}},{"start":{"line":5,"column":4},"end":{"line":5,"column":4}}]},"2":{"line":14,"type":"if","locations":[{"start":{"line":14,"column":8},"end":{"line":14,"column":8}},{"start":{"line":14,"column":8},"end":{"line":14,"column":8}}]},"3":{"line":44,"type":"if","locations":[{"start":{"line":44,"column":4},"end":{"line":44,"column":4}},{"start":{"line":44,"column":4},"end":{"line":44,"column":4}}]},"4":{"line":44,"type":"binary-expr","locations":[{"start":{"line":44,"column":8},"end":{"line":44,"column":29}},{"start":{"line":44,"column":33},"end":{"line":44,"column":53}},{"start":{"line":44,"column":57},"end":{"line":44,"column":80}}]},"5":{"line":46,"type":"if","locations":[{"start":{"line":46,"column":10},"end":{"line":46,"column":10}},{"start":{"line":46,"column":10},"end":{"line":46,"column":10}}]},"6":{"line":55,"type":"if","locations":[{"start":{"line":55,"column":4},"end":{"line":55,"column":4}},{"start":{"line":55,"column":4},"end":{"line":55,"column":4}}]},"7":{"line":59,"type":"if","locations":[{"start":{"line":59,"column":8},"end":{"line":59,"column":8}},{"start":{"line":59,"column":8},"end":{"line":59,"column":8}}]},"8":{"line":64,"type":"if","locations":[{"start":{"line":64,"column":8},"end":{"line":64,"column":8}},{"start":{"line":64,"column":8},"end":{"line":64,"column":8}}]},"9":{"line":68,"type":"if","locations":[{"start":{"line":68,"column":8},"end":{"line":68,"column":8}},{"start":{"line":68,"column":8},"end":{"line":68,"column":8}}]}}},"/Users/morrisqin/Documents/GitHub/f17-ESN-SA4/controllers/user_profile_controller.js":{"path":"/Users/morrisqin/Documents/GitHub/f17-ESN-SA4/controllers/user_profile_controller.js","s":{"1":1,"2":1,"3":1,"4":1,"5":1,"6":1,"7":0,"8":1,"9":3,"10":3,"11":3,"12":1,"13":1,"14":2,"15":2,"16":2,"17":2,"18":2,"19":2,"20":1,"21":1,"22":1,"23":1,"24":1,"25":1,"26":1,"27":0,"28":1,"29":1,"30":1,"31":1,"32":1,"33":0,"34":1},"b":{"1":[1,2],"2":[1,1]},"f":{},"fnMap":{},"statementMap":{"1":{"start":{"line":1,"column":0},"end":{"line":1,"column":28}},"2":{"start":{"line":2,"column":0},"end":{"line":2,"column":40}},"3":{"start":{"line":3,"column":0},"end":{"line":3,"column":33}},"4":{"start":{"line":4,"column":0},"end":{"line":4,"column":39}},"5":{"start":{"line":5,"column":0},"end":{"line":5,"column":43}},"6":{"start":{"line":7,"column":0},"end":{"line":9,"column":2}},"7":{"start":{"line":8,"column":4},"end":{"line":8,"column":51}},"8":{"start":{"line":11,"column":0},"end":{"line":37,"column":2}},"9":{"start":{"line":12,"column":4},"end":{"line":12,"column":84}},"10":{"start":{"line":13,"column":4},"end":{"line":13,"column":24}},"11":{"start":{"line":14,"column":4},"end":{"line":17,"column":5}},"12":{"start":{"line":15,"column":8},"end":{"line":15,"column":87}},"13":{"start":{"line":16,"column":8},"end":{"line":16,"column":15}},"14":{"start":{"line":18,"column":4},"end":{"line":18,"column":50}},"15":{"start":{"line":19,"column":4},"end":{"line":19,"column":43}},"16":{"start":{"line":20,"column":4},"end":{"line":20,"column":44}},"17":{"start":{"line":21,"column":4},"end":{"line":21,"column":46}},"18":{"start":{"line":23,"column":4},"end":{"line":23,"column":36}},"19":{"start":{"line":25,"column":4},"end":{"line":36,"column":5}},"20":{"start":{"line":26,"column":8},"end":{"line":26,"column":31}},"21":{"start":{"line":28,"column":8},"end":{"line":35,"column":50}},"22":{"start":{"line":29,"column":26},"end":{"line":29,"column":37}},"23":{"start":{"line":30,"column":24},"end":{"line":30,"column":49}},"24":{"start":{"line":32,"column":16},"end":{"line":32,"column":48}},"25":{"start":{"line":33,"column":16},"end":{"line":33,"column":43}},"26":{"start":{"line":34,"column":16},"end":{"line":34,"column":72}},"27":{"start":{"line":35,"column":28},"end":{"line":35,"column":48}},"28":{"start":{"line":39,"column":0},"end":{"line":48,"column":2}},"29":{"start":{"line":40,"column":4},"end":{"line":40,"column":37}},"30":{"start":{"line":41,"column":4},"end":{"line":46,"column":44}},"31":{"start":{"line":43,"column":12},"end":{"line":43,"column":35}},"32":{"start":{"line":44,"column":12},"end":{"line":44,"column":67}},"33":{"start":{"line":46,"column":22},"end":{"line":46,"column":42}},"34":{"start":{"line":49,"column":0},"end":{"line":49,"column":63}}},"branchMap":{"1":{"line":14,"type":"if","locations":[{"start":{"line":14,"column":4},"end":{"line":14,"column":4}},{"start":{"line":14,"column":4},"end":{"line":14,"column":4}}]},"2":{"line":25,"type":"if","locations":[{"start":{"line":25,"column":4},"end":{"line":25,"column":4}},{"start":{"line":25,"column":4},"end":{"line":25,"column":4}}]}}},"/Users/morrisqin/Documents/GitHub/f17-ESN-SA4/routes/chat_public_route.js":{"path":"/Users/morrisqin/Documents/GitHub/f17-ESN-SA4/routes/chat_public_route.js","s":{"1":1,"2":1,"3":1,"4":1,"5":1,"6":1,"7":1,"8":1},"b":{},"f":{},"fnMap":{},"statementMap":{"1":{"start":{"line":1,"column":0},"end":{"line":1,"column":35}},"2":{"start":{"line":2,"column":0},"end":{"line":2,"column":32}},"3":{"start":{"line":3,"column":0},"end":{"line":3,"column":68}},"4":{"start":{"line":4,"column":0},"end":{"line":4,"column":51}},"5":{"start":{"line":6,"column":0},"end":{"line":6,"column":53}},"6":{"start":{"line":7,"column":0},"end":{"line":7,"column":59}},"7":{"start":{"line":8,"column":0},"end":{"line":8,"column":61}},"8":{"start":{"line":10,"column":0},"end":{"line":10,"column":24}}},"branchMap":{}},"/Users/morrisqin/Documents/GitHub/f17-ESN-SA4/controllers/chat_public_controller.js":{"path":"/Users/morrisqin/Documents/GitHub/f17-ESN-SA4/controllers/chat_public_controller.js","s":{"1":1,"2":1,"3":1,"4":1,"5":1,"6":0,"7":0,"8":1,"9":1,"10":1,"11":0,"12":1,"13":2,"14":2,"15":2,"16":2,"17":2,"18":2,"19":2,"20":2,"21":2,"22":2,"23":1,"24":1,"25":1,"26":1,"27":1,"28":1,"29":1,"30":1},"b":{"1":[1,1]},"f":{"1":1,"2":2,"3":1,"4":1},"fnMap":{"1":{"name":"(anonymous_1)","line":12,"loc":{"start":{"line":12,"column":40},"end":{"line":12,"column":63}}},"2":{"name":"(anonymous_2)","line":27,"loc":{"start":{"line":27,"column":33},"end":{"line":27,"column":54}}},"3":{"name":"(anonymous_3)","line":34,"loc":{"start":{"line":34,"column":12},"end":{"line":34,"column":31}}},"4":{"name":"(anonymous_4)","line":38,"loc":{"start":{"line":38,"column":13},"end":{"line":38,"column":28}}}},"statementMap":{"1":{"start":{"line":1,"column":0},"end":{"line":1,"column":28}},"2":{"start":{"line":2,"column":0},"end":{"line":2,"column":45}},"3":{"start":{"line":3,"column":0},"end":{"line":3,"column":37}},"4":{"start":{"line":4,"column":0},"end":{"line":4,"column":33}},"5":{"start":{"line":6,"column":0},"end":{"line":9,"column":2}},"6":{"start":{"line":7,"column":4},"end":{"line":7,"column":53}},"7":{"start":{"line":8,"column":4},"end":{"line":8,"column":67}},"8":{"start":{"line":11,"column":0},"end":{"line":17,"column":2}},"9":{"start":{"line":12,"column":4},"end":{"line":16,"column":7}},"10":{"start":{"line":13,"column":8},"end":{"line":13,"column":60}},"11":{"start":{"line":15,"column":8},"end":{"line":15,"column":45}},"12":{"start":{"line":19,"column":0},"end":{"line":42,"column":2}},"13":{"start":{"line":20,"column":4},"end":{"line":20,"column":37}},"14":{"start":{"line":21,"column":4},"end":{"line":21,"column":43}},"15":{"start":{"line":22,"column":4},"end":{"line":22,"column":38}},"16":{"start":{"line":23,"column":4},"end":{"line":23,"column":35}},"17":{"start":{"line":24,"column":4},"end":{"line":24,"column":31}},"18":{"start":{"line":25,"column":4},"end":{"line":25,"column":26}},"19":{"start":{"line":26,"column":4},"end":{"line":26,"column":36}},"20":{"start":{"line":27,"column":4},"end":{"line":41,"column":7}},"21":{"start":{"line":28,"column":8},"end":{"line":28,"column":47}},"22":{"start":{"line":29,"column":8},"end":{"line":33,"column":9}},"23":{"start":{"line":30,"column":12},"end":{"line":30,"column":67}},"24":{"start":{"line":32,"column":12},"end":{"line":32,"column":77}},"25":{"start":{"line":35,"column":8},"end":{"line":35,"column":94}},"26":{"start":{"line":36,"column":8},"end":{"line":36,"column":46}},"27":{"start":{"line":37,"column":8},"end":{"line":37,"column":33}},"28":{"start":{"line":39,"column":8},"end":{"line":39,"column":25}},"29":{"start":{"line":40,"column":8},"end":{"line":40,"column":45}},"30":{"start":{"line":44,"column":0},"end":{"line":44,"column":63}}},"branchMap":{"1":{"line":29,"type":"if","locations":[{"start":{"line":29,"column":8},"end":{"line":29,"column":8}},{"start":{"line":29,"column":8},"end":{"line":29,"column":8}}]}}},"/Users/morrisqin/Documents/GitHub/f17-ESN-SA4/models/message.js":{"path":"/Users/morrisqin/Documents/GitHub/f17-ESN-SA4/models/message.js","s":{"1":1,"2":1,"3":1,"4":2,"5":52,"6":52,"7":1,"8":1,"9":1,"10":1,"11":1,"12":1,"13":9,"14":1,"15":1},"b":{},"f":{"1":1,"2":2,"3":52,"4":1,"5":9},"fnMap":{"1":{"name":"(anonymous_1)","line":28,"loc":{"start":{"line":28,"column":15},"end":{"line":28,"column":18}}},"2":{"name":"(anonymous_2)","line":32,"loc":{"start":{"line":32,"column":24},"end":{"line":32,"column":27}}},"3":{"name":"(anonymous_3)","line":36,"loc":{"start":{"line":36,"column":15},"end":{"line":36,"column":59}}},"4":{"name":"(anonymous_4)","line":47,"loc":{"start":{"line":47,"column":23},"end":{"line":47,"column":64}}},"5":{"name":"(anonymous_5)","line":59,"loc":{"start":{"line":59,"column":9},"end":{"line":59,"column":11}}}},"statementMap":{"1":{"start":{"line":1,"column":0},"end":{"line":1,"column":37}},"2":{"start":{"line":3,"column":0},"end":{"line":25,"column":3}},"3":{"start":{"line":29,"column":8},"end":{"line":29,"column":69}},"4":{"start":{"line":33,"column":8},"end":{"line":33,"column":40}},"5":{"start":{"line":37,"column":8},"end":{"line":42,"column":11}},"6":{"start":{"line":44,"column":8},"end":{"line":44,"column":30}},"7":{"start":{"line":48,"column":8},"end":{"line":48,"column":32}},"8":{"start":{"line":49,"column":8},"end":{"line":52,"column":9}},"9":{"start":{"line":50,"column":12},"end":{"line":50,"column":54}},"10":{"start":{"line":51,"column":12},"end":{"line":51,"column":39}},"11":{"start":{"line":54,"column":8},"end":{"line":56,"column":11}},"12":{"start":{"line":55,"column":12},"end":{"line":55,"column":31}},"13":{"start":{"line":60,"column":8},"end":{"line":60,"column":42}},"14":{"start":{"line":64,"column":0},"end":{"line":64,"column":29}},"15":{"start":{"line":65,"column":0},"end":{"line":65,"column":26}}},"branchMap":{}},"/Users/morrisqin/Documents/GitHub/f17-ESN-SA4/routes/announcement_route.js":{"path":"/Users/morrisqin/Documents/GitHub/f17-ESN-SA4/routes/announcement_route.js","s":{"1":1,"2":1,"3":1,"4":1,"5":1,"6":1,"7":1,"8":1},"b":{},"f":{},"fnMap":{},"statementMap":{"1":{"start":{"line":1,"column":0},"end":{"line":1,"column":35}},"2":{"start":{"line":2,"column":0},"end":{"line":2,"column":32}},"3":{"start":{"line":3,"column":0},"end":{"line":3,"column":69}},"4":{"start":{"line":4,"column":0},"end":{"line":4,"column":68}},"5":{"start":{"line":6,"column":0},"end":{"line":6,"column":49}},"6":{"start":{"line":7,"column":0},"end":{"line":7,"column":60}},"7":{"start":{"line":8,"column":0},"end":{"line":8,"column":63}},"8":{"start":{"line":10,"column":0},"end":{"line":10,"column":24}}},"branchMap":{}},"/Users/morrisqin/Documents/GitHub/f17-ESN-SA4/controllers/announcement_controller.js":{"path":"/Users/morrisqin/Documents/GitHub/f17-ESN-SA4/controllers/announcement_controller.js","s":{"1":1,"2":1,"3":1,"4":1,"5":0,"6":1,"7":2,"8":2,"9":2,"10":1,"11":1,"12":1,"13":1,"14":0,"15":1,"16":1,"17":1,"18":1,"19":1,"20":1,"21":0,"22":1,"23":1,"24":1,"25":1,"26":1,"27":1},"b":{"1":[1,1],"2":[2,2],"3":[0,1]},"f":{},"fnMap":{},"statementMap":{"1":{"start":{"line":1,"column":0},"end":{"line":1,"column":28}},"2":{"start":{"line":2,"column":0},"end":{"line":2,"column":55}},"3":{"start":{"line":3,"column":0},"end":{"line":3,"column":40}},"4":{"start":{"line":5,"column":0},"end":{"line":7,"column":2}},"5":{"start":{"line":6,"column":4},"end":{"line":6,"column":56}},"6":{"start":{"line":9,"column":0},"end":{"line":24,"column":2}},"7":{"start":{"line":10,"column":4},"end":{"line":10,"column":32}},"8":{"start":{"line":12,"column":4},"end":{"line":23,"column":44}},"9":{"start":{"line":14,"column":12},"end":{"line":21,"column":13}},"10":{"start":{"line":15,"column":16},"end":{"line":17,"column":19}},"11":{"start":{"line":16,"column":20},"end":{"line":16,"column":84}},"12":{"start":{"line":18,"column":16},"end":{"line":18,"column":54}},"13":{"start":{"line":20,"column":16},"end":{"line":20,"column":36}},"14":{"start":{"line":23,"column":22},"end":{"line":23,"column":42}},"15":{"start":{"line":26,"column":0},"end":{"line":43,"column":2}},"16":{"start":{"line":27,"column":4},"end":{"line":27,"column":26}},"17":{"start":{"line":28,"column":4},"end":{"line":28,"column":63}},"18":{"start":{"line":29,"column":4},"end":{"line":29,"column":30}},"19":{"start":{"line":30,"column":4},"end":{"line":30,"column":35}},"20":{"start":{"line":32,"column":4},"end":{"line":34,"column":5}},"21":{"start":{"line":33,"column":8},"end":{"line":33,"column":77}},"22":{"start":{"line":35,"column":4},"end":{"line":35,"column":36}},"23":{"start":{"line":36,"column":4},"end":{"line":42,"column":27}},"24":{"start":{"line":38,"column":12},"end":{"line":38,"column":80}},"25":{"start":{"line":39,"column":12},"end":{"line":39,"column":49}},"26":{"start":{"line":40,"column":12},"end":{"line":40,"column":80}},"27":{"start":{"line":45,"column":0},"end":{"line":45,"column":77}}},"branchMap":{"1":{"line":14,"type":"if","locations":[{"start":{"line":14,"column":12},"end":{"line":14,"column":12}},{"start":{"line":14,"column":12},"end":{"line":14,"column":12}}]},"2":{"line":14,"type":"binary-expr","locations":[{"start":{"line":14,"column":16},"end":{"line":14,"column":29}},{"start":{"line":14,"column":33},"end":{"line":14,"column":57}}]},"3":{"line":32,"type":"if","locations":[{"start":{"line":32,"column":4},"end":{"line":32,"column":4}},{"start":{"line":32,"column":4},"end":{"line":32,"column":4}}]}}},"/Users/morrisqin/Documents/GitHub/f17-ESN-SA4/routes/chat_private_route.js":{"path":"/Users/morrisqin/Documents/GitHub/f17-ESN-SA4/routes/chat_private_route.js","s":{"1":1,"2":1,"3":1,"4":1,"5":1,"6":1,"7":1,"8":1},"b":{},"f":{},"fnMap":{},"statementMap":{"1":{"start":{"line":1,"column":0},"end":{"line":1,"column":35}},"2":{"start":{"line":2,"column":0},"end":{"line":2,"column":32}},"3":{"start":{"line":3,"column":0},"end":{"line":3,"column":69}},"4":{"start":{"line":4,"column":0},"end":{"line":4,"column":51}},"5":{"start":{"line":6,"column":0},"end":{"line":6,"column":54}},"6":{"start":{"line":7,"column":0},"end":{"line":7,"column":64}},"7":{"start":{"line":8,"column":0},"end":{"line":8,"column":59}},"8":{"start":{"line":10,"column":0},"end":{"line":10,"column":24}}},"branchMap":{}},"/Users/morrisqin/Documents/GitHub/f17-ESN-SA4/controllers/chat_private_controller.js":{"path":"/Users/morrisqin/Documents/GitHub/f17-ESN-SA4/controllers/chat_private_controller.js","s":{"1":1,"2":1,"3":1,"4":1,"5":1,"6":3,"7":3,"8":3,"9":3,"10":2,"11":1,"12":1,"13":0,"14":1,"15":1,"16":2,"17":2,"18":1,"19":3,"20":3,"21":3,"22":3,"23":3,"24":3,"25":3,"26":3,"27":3,"28":3,"29":1,"30":2,"31":2,"32":1,"33":1,"34":1,"35":1,"36":1,"37":1,"38":2,"39":2,"40":1,"41":0,"42":0,"43":0,"44":1},"b":{"1":[2,1],"2":[0,1],"3":[1,2],"4":[1,1],"5":[2,1],"6":[1,0]},"f":{"1":1,"2":3,"3":1,"4":2},"fnMap":{"1":{"name":"(anonymous_1)","line":21,"loc":{"start":{"line":21,"column":12},"end":{"line":21,"column":35}}},"2":{"name":"(anonymous_2)","line":39,"loc":{"start":{"line":39,"column":33},"end":{"line":39,"column":49}}},"3":{"name":"(anonymous_3)","line":52,"loc":{"start":{"line":52,"column":12},"end":{"line":52,"column":24}}},"4":{"name":"(anonymous_4)","line":57,"loc":{"start":{"line":57,"column":13},"end":{"line":57,"column":28}}}},"statementMap":{"1":{"start":{"line":1,"column":0},"end":{"line":1,"column":28}},"2":{"start":{"line":2,"column":0},"end":{"line":2,"column":37}},"3":{"start":{"line":3,"column":0},"end":{"line":3,"column":61}},"4":{"start":{"line":4,"column":0},"end":{"line":4,"column":33}},"5":{"start":{"line":6,"column":0},"end":{"line":28,"column":2}},"6":{"start":{"line":7,"column":4},"end":{"line":7,"column":32}},"7":{"start":{"line":8,"column":4},"end":{"line":8,"column":32}},"8":{"start":{"line":9,"column":4},"end":{"line":26,"column":7}},"9":{"start":{"line":10,"column":8},"end":{"line":14,"column":9}},"10":{"start":{"line":11,"column":12},"end":{"line":11,"column":52}},"11":{"start":{"line":13,"column":12},"end":{"line":13,"column":51}},"12":{"start":{"line":16,"column":8},"end":{"line":20,"column":9}},"13":{"start":{"line":17,"column":12},"end":{"line":17,"column":52}},"14":{"start":{"line":19,"column":12},"end":{"line":19,"column":71}},"15":{"start":{"line":22,"column":8},"end":{"line":22,"column":61}},"16":{"start":{"line":24,"column":8},"end":{"line":24,"column":25}},"17":{"start":{"line":25,"column":8},"end":{"line":25,"column":45}},"18":{"start":{"line":30,"column":0},"end":{"line":61,"column":2}},"19":{"start":{"line":31,"column":4},"end":{"line":31,"column":33}},"20":{"start":{"line":32,"column":4},"end":{"line":32,"column":37}},"21":{"start":{"line":33,"column":4},"end":{"line":33,"column":47}},"22":{"start":{"line":34,"column":4},"end":{"line":34,"column":35}},"23":{"start":{"line":35,"column":4},"end":{"line":35,"column":43}},"24":{"start":{"line":36,"column":4},"end":{"line":36,"column":31}},"25":{"start":{"line":37,"column":4},"end":{"line":37,"column":36}},"26":{"start":{"line":38,"column":4},"end":{"line":38,"column":26}},"27":{"start":{"line":39,"column":4},"end":{"line":60,"column":7}},"28":{"start":{"line":40,"column":8},"end":{"line":44,"column":9}},"29":{"start":{"line":41,"column":12},"end":{"line":41,"column":67}},"30":{"start":{"line":43,"column":12},"end":{"line":43,"column":54}},"31":{"start":{"line":46,"column":8},"end":{"line":51,"column":9}},"32":{"start":{"line":47,"column":12},"end":{"line":47,"column":56}},"33":{"start":{"line":50,"column":12},"end":{"line":50,"column":100}},"34":{"start":{"line":53,"column":8},"end":{"line":53,"column":44}},"35":{"start":{"line":54,"column":8},"end":{"line":54,"column":83}},"36":{"start":{"line":55,"column":8},"end":{"line":55,"column":96}},"37":{"start":{"line":56,"column":8},"end":{"line":56,"column":64}},"38":{"start":{"line":58,"column":8},"end":{"line":58,"column":40}},"39":{"start":{"line":59,"column":8},"end":{"line":59,"column":45}},"40":{"start":{"line":63,"column":0},"end":{"line":67,"column":2}},"41":{"start":{"line":64,"column":4},"end":{"line":64,"column":53}},"42":{"start":{"line":65,"column":4},"end":{"line":65,"column":77}},"43":{"start":{"line":66,"column":4},"end":{"line":66,"column":68}},"44":{"start":{"line":69,"column":0},"end":{"line":73,"column":2}}},"branchMap":{"1":{"line":10,"type":"if","locations":[{"start":{"line":10,"column":8},"end":{"line":10,"column":8}},{"start":{"line":10,"column":8},"end":{"line":10,"column":8}}]},"2":{"line":16,"type":"if","locations":[{"start":{"line":16,"column":8},"end":{"line":16,"column":8}},{"start":{"line":16,"column":8},"end":{"line":16,"column":8}}]},"3":{"line":40,"type":"if","locations":[{"start":{"line":40,"column":8},"end":{"line":40,"column":8}},{"start":{"line":40,"column":8},"end":{"line":40,"column":8}}]},"4":{"line":46,"type":"if","locations":[{"start":{"line":46,"column":8},"end":{"line":46,"column":8}},{"start":{"line":46,"column":8},"end":{"line":46,"column":8}}]},"5":{"line":46,"type":"binary-expr","locations":[{"start":{"line":46,"column":13},"end":{"line":46,"column":18}},{"start":{"line":46,"column":23},"end":{"line":46,"column":59}}]},"6":{"line":54,"type":"cond-expr","locations":[{"start":{"line":54,"column":42},"end":{"line":54,"column":59}},{"start":{"line":54,"column":64},"end":{"line":54,"column":81}}]}}},"/Users/morrisqin/Documents/GitHub/f17-ESN-SA4/routes/search_info.js":{"path":"/Users/morrisqin/Documents/GitHub/f17-ESN-SA4/routes/search_info.js","s":{"1":1,"2":1,"3":1,"4":1,"5":1,"6":1,"7":1,"8":1,"9":1},"b":{},"f":{},"fnMap":{},"statementMap":{"1":{"start":{"line":1,"column":0},"end":{"line":1,"column":35}},"2":{"start":{"line":2,"column":0},"end":{"line":2,"column":32}},"3":{"start":{"line":3,"column":0},"end":{"line":3,"column":68}},"4":{"start":{"line":5,"column":0},"end":{"line":5,"column":67}},"5":{"start":{"line":6,"column":0},"end":{"line":6,"column":63}},"6":{"start":{"line":7,"column":0},"end":{"line":7,"column":78}},"7":{"start":{"line":8,"column":0},"end":{"line":8,"column":78}},"8":{"start":{"line":9,"column":0},"end":{"line":9,"column":79}},"9":{"start":{"line":11,"column":0},"end":{"line":11,"column":24}}},"branchMap":{}},"/Users/morrisqin/Documents/GitHub/f17-ESN-SA4/controllers/search_info_controller.js":{"path":"/Users/morrisqin/Documents/GitHub/f17-ESN-SA4/controllers/search_info_controller.js","s":{"1":1,"2":1,"3":1,"4":1,"5":1,"6":1,"7":1,"8":1,"9":3,"10":3,"11":3,"12":3,"13":0,"14":3,"15":3,"16":3,"17":0,"18":3,"19":1,"20":2,"21":2,"22":2,"23":2,"24":2,"25":0,"26":2,"27":1,"28":6,"29":6,"30":6,"31":6,"32":2,"33":4,"34":4,"35":4,"36":0,"37":1,"38":2,"39":2,"40":2,"41":2,"42":2,"43":1,"44":1,"45":1,"46":1,"47":2,"48":2,"49":2,"50":2,"51":2,"52":2,"53":2,"54":1,"55":1,"56":1,"57":1},"b":{"1":[0,3],"2":[0,3],"3":[0,2],"4":[2,4],"5":[1,1],"6":[1,1]},"f":{"1":3,"2":2,"3":4,"4":1,"5":1},"fnMap":{"1":{"name":"(anonymous_1)","line":20,"loc":{"start":{"line":20,"column":14},"end":{"line":20,"column":34}}},"2":{"name":"(anonymous_2)","line":34,"loc":{"start":{"line":34,"column":14},"end":{"line":34,"column":34}}},"3":{"name":"(anonymous_3)","line":52,"loc":{"start":{"line":52,"column":14},"end":{"line":52,"column":38}}},"4":{"name":"(anonymous_4)","line":70,"loc":{"start":{"line":70,"column":94},"end":{"line":70,"column":117}}},"5":{"name":"(anonymous_5)","line":85,"loc":{"start":{"line":85,"column":120},"end":{"line":85,"column":143}}}},"statementMap":{"1":{"start":{"line":1,"column":0},"end":{"line":1,"column":39}},"2":{"start":{"line":2,"column":0},"end":{"line":2,"column":54}},"3":{"start":{"line":3,"column":0},"end":{"line":3,"column":48}},"4":{"start":{"line":4,"column":0},"end":{"line":4,"column":56}},"5":{"start":{"line":5,"column":0},"end":{"line":5,"column":58}},"6":{"start":{"line":6,"column":0},"end":{"line":6,"column":40}},"7":{"start":{"line":8,"column":0},"end":{"line":8,"column":24}},"8":{"start":{"line":10,"column":0},"end":{"line":27,"column":2}},"9":{"start":{"line":11,"column":4},"end":{"line":11,"column":38}},"10":{"start":{"line":12,"column":4},"end":{"line":12,"column":30}},"11":{"start":{"line":13,"column":4},"end":{"line":13,"column":57}},"12":{"start":{"line":14,"column":4},"end":{"line":16,"column":5}},"13":{"start":{"line":15,"column":8},"end":{"line":15,"column":51}},"14":{"start":{"line":17,"column":4},"end":{"line":17,"column":42}},"15":{"start":{"line":19,"column":4},"end":{"line":26,"column":11}},"16":{"start":{"line":21,"column":12},"end":{"line":23,"column":13}},"17":{"start":{"line":22,"column":16},"end":{"line":22,"column":59}},"18":{"start":{"line":25,"column":12},"end":{"line":25,"column":54}},"19":{"start":{"line":29,"column":0},"end":{"line":41,"column":2}},"20":{"start":{"line":30,"column":4},"end":{"line":30,"column":34}},"21":{"start":{"line":31,"column":4},"end":{"line":31,"column":30}},"22":{"start":{"line":32,"column":4},"end":{"line":32,"column":42}},"23":{"start":{"line":33,"column":4},"end":{"line":39,"column":7}},"24":{"start":{"line":35,"column":8},"end":{"line":37,"column":9}},"25":{"start":{"line":36,"column":12},"end":{"line":36,"column":55}},"26":{"start":{"line":38,"column":8},"end":{"line":38,"column":50}},"27":{"start":{"line":43,"column":0},"end":{"line":55,"column":2}},"28":{"start":{"line":44,"column":4},"end":{"line":44,"column":46}},"29":{"start":{"line":45,"column":4},"end":{"line":45,"column":30}},"30":{"start":{"line":46,"column":4},"end":{"line":46,"column":65}},"31":{"start":{"line":47,"column":4},"end":{"line":49,"column":5}},"32":{"start":{"line":48,"column":8},"end":{"line":48,"column":51}},"33":{"start":{"line":50,"column":4},"end":{"line":50,"column":42}},"34":{"start":{"line":51,"column":4},"end":{"line":54,"column":46}},"35":{"start":{"line":53,"column":12},"end":{"line":53,"column":58}},"36":{"start":{"line":54,"column":24},"end":{"line":54,"column":44}},"37":{"start":{"line":57,"column":0},"end":{"line":73,"column":2}},"38":{"start":{"line":58,"column":4},"end":{"line":58,"column":39}},"39":{"start":{"line":59,"column":4},"end":{"line":59,"column":30}},"40":{"start":{"line":60,"column":4},"end":{"line":60,"column":42}},"41":{"start":{"line":61,"column":4},"end":{"line":61,"column":58}},"42":{"start":{"line":62,"column":4},"end":{"line":64,"column":5}},"43":{"start":{"line":63,"column":8},"end":{"line":63,"column":51}},"44":{"start":{"line":70,"column":4},"end":{"line":72,"column":7}},"45":{"start":{"line":71,"column":8},"end":{"line":71,"column":53}},"46":{"start":{"line":75,"column":0},"end":{"line":88,"column":2}},"47":{"start":{"line":76,"column":4},"end":{"line":76,"column":39}},"48":{"start":{"line":77,"column":4},"end":{"line":77,"column":30}},"49":{"start":{"line":78,"column":4},"end":{"line":78,"column":46}},"50":{"start":{"line":79,"column":4},"end":{"line":79,"column":40}},"51":{"start":{"line":80,"column":4},"end":{"line":80,"column":42}},"52":{"start":{"line":81,"column":4},"end":{"line":81,"column":58}},"53":{"start":{"line":82,"column":4},"end":{"line":84,"column":5}},"54":{"start":{"line":83,"column":8},"end":{"line":83,"column":51}},"55":{"start":{"line":85,"column":4},"end":{"line":87,"column":7}},"56":{"start":{"line":86,"column":8},"end":{"line":86,"column":53}},"57":{"start":{"line":90,"column":0},"end":{"line":96,"column":2}}},"branchMap":{"1":{"line":14,"type":"if","locations":[{"start":{"line":14,"column":4},"end":{"line":14,"column":4}},{"start":{"line":14,"column":4},"end":{"line":14,"column":4}}]},"2":{"line":21,"type":"if","locations":[{"start":{"line":21,"column":12},"end":{"line":21,"column":12}},{"start":{"line":21,"column":12},"end":{"line":21,"column":12}}]},"3":{"line":35,"type":"if","locations":[{"start":{"line":35,"column":8},"end":{"line":35,"column":8}},{"start":{"line":35,"column":8},"end":{"line":35,"column":8}}]},"4":{"line":47,"type":"if","locations":[{"start":{"line":47,"column":4},"end":{"line":47,"column":4}},{"start":{"line":47,"column":4},"end":{"line":47,"column":4}}]},"5":{"line":62,"type":"if","locations":[{"start":{"line":62,"column":4},"end":{"line":62,"column":4}},{"start":{"line":62,"column":4},"end":{"line":62,"column":4}}]},"6":{"line":82,"type":"if","locations":[{"start":{"line":82,"column":4},"end":{"line":82,"column":4}},{"start":{"line":82,"column":4},"end":{"line":82,"column":4}}]}}},"/Users/morrisqin/Documents/GitHub/f17-ESN-SA4/models/englishStopWords.js":{"path":"/Users/morrisqin/Documents/GitHub/f17-ESN-SA4/models/englishStopWords.js","s":{"1":1,"2":1,"3":17,"4":17,"5":17,"6":25,"7":0,"8":25,"9":11,"10":17,"11":1},"b":{"1":[0,25],"2":[11,14]},"f":{},"fnMap":{},"statementMap":{"1":{"start":{"line":2,"column":0},"end":{"line":11,"column":70}},"2":{"start":{"line":13,"column":0},"end":{"line":26,"column":2}},"3":{"start":{"line":14,"column":4},"end":{"line":14,"column":26}},"4":{"start":{"line":15,"column":4},"end":{"line":15,"column":42}},"5":{"start":{"line":17,"column":4},"end":{"line":24,"column":5}},"6":{"start":{"line":18,"column":8},"end":{"line":20,"column":9}},"7":{"start":{"line":19,"column":12},"end":{"line":19,"column":30}},"8":{"start":{"line":21,"column":8},"end":{"line":23,"column":9}},"9":{"start":{"line":22,"column":12},"end":{"line":22,"column":30}},"10":{"start":{"line":25,"column":4},"end":{"line":25,"column":17}},"11":{"start":{"line":28,"column":0},"end":{"line":28,"column":28}}},"branchMap":{"1":{"line":18,"type":"if","locations":[{"start":{"line":18,"column":8},"end":{"line":18,"column":8}},{"start":{"line":18,"column":8},"end":{"line":18,"column":8}}]},"2":{"line":21,"type":"if","locations":[{"start":{"line":21,"column":8},"end":{"line":21,"column":8}},{"start":{"line":21,"column":8},"end":{"line":21,"column":8}}]}}},"/Users/morrisqin/Documents/GitHub/f17-ESN-SA4/routes/admin_route.js":{"path":"/Users/morrisqin/Documents/GitHub/f17-ESN-SA4/routes/admin_route.js","s":{"1":1,"2":1,"3":1,"4":1,"5":1,"6":1,"7":1,"8":1,"9":1,"10":1},"b":{},"f":{},"fnMap":{},"statementMap":{"1":{"start":{"line":1,"column":0},"end":{"line":1,"column":35}},"2":{"start":{"line":2,"column":0},"end":{"line":2,"column":32}},"3":{"start":{"line":3,"column":0},"end":{"line":3,"column":62}},"4":{"start":{"line":4,"column":0},"end":{"line":4,"column":52}},"5":{"start":{"line":7,"column":0},"end":{"line":7,"column":49}},"6":{"start":{"line":8,"column":0},"end":{"line":8,"column":64}},"7":{"start":{"line":9,"column":0},"end":{"line":9,"column":53}},"8":{"start":{"line":10,"column":0},"end":{"line":10,"column":59}},"9":{"start":{"line":11,"column":0},"end":{"line":11,"column":53}},"10":{"start":{"line":14,"column":0},"end":{"line":14,"column":24}}},"branchMap":{}},"/Users/morrisqin/Documents/GitHub/f17-ESN-SA4/controllers/admin_controller.js":{"path":"/Users/morrisqin/Documents/GitHub/f17-ESN-SA4/controllers/admin_controller.js","s":{"1":1,"2":1,"3":1,"4":1,"5":1,"6":0,"7":0,"8":1,"9":2,"10":2,"11":2,"12":2,"13":0,"14":1,"15":0,"16":0,"17":1,"18":0,"19":0,"20":1,"21":6,"22":6,"23":1,"24":1,"25":5,"26":1,"27":1,"28":1,"29":4,"30":2,"31":2,"32":2,"33":1,"34":1,"35":1,"36":1,"37":1,"38":6,"39":6,"40":6,"41":5,"42":5,"43":1,"44":4,"45":4,"46":4,"47":1,"48":1,"49":3,"50":1,"51":1,"52":4,"53":0,"54":1,"55":0,"56":1},"b":{"1":[1,5],"2":[1,4],"3":[2,2],"4":[1,1],"5":[1,4],"6":[1,3],"7":[4,1],"8":[1,2]},"f":{},"fnMap":{},"statementMap":{"1":{"start":{"line":1,"column":0},"end":{"line":1,"column":28}},"2":{"start":{"line":2,"column":0},"end":{"line":2,"column":40}},"3":{"start":{"line":3,"column":0},"end":{"line":3,"column":39}},"4":{"start":{"line":4,"column":0},"end":{"line":4,"column":43}},"5":{"start":{"line":6,"column":0},"end":{"line":9,"column":2}},"6":{"start":{"line":7,"column":4},"end":{"line":7,"column":37}},"7":{"start":{"line":8,"column":4},"end":{"line":8,"column":59}},"8":{"start":{"line":11,"column":0},"end":{"line":19,"column":2}},"9":{"start":{"line":12,"column":4},"end":{"line":18,"column":44}},"10":{"start":{"line":14,"column":12},"end":{"line":14,"column":44}},"11":{"start":{"line":15,"column":12},"end":{"line":15,"column":51}},"12":{"start":{"line":16,"column":12},"end":{"line":16,"column":30}},"13":{"start":{"line":18,"column":22},"end":{"line":18,"column":42}},"14":{"start":{"line":21,"column":0},"end":{"line":25,"column":2}},"15":{"start":{"line":22,"column":4},"end":{"line":24,"column":6}},"16":{"start":{"line":23,"column":8},"end":{"line":23,"column":43}},"17":{"start":{"line":27,"column":0},"end":{"line":31,"column":2}},"18":{"start":{"line":28,"column":4},"end":{"line":30,"column":7}},"19":{"start":{"line":29,"column":8},"end":{"line":29,"column":50}},"20":{"start":{"line":33,"column":0},"end":{"line":59,"column":1}},"21":{"start":{"line":35,"column":4},"end":{"line":58,"column":7}},"22":{"start":{"line":36,"column":8},"end":{"line":57,"column":9}},"23":{"start":{"line":37,"column":12},"end":{"line":37,"column":46}},"24":{"start":{"line":38,"column":12},"end":{"line":38,"column":26}},"25":{"start":{"line":40,"column":13},"end":{"line":57,"column":9}},"26":{"start":{"line":41,"column":12},"end":{"line":44,"column":15}},"27":{"start":{"line":42,"column":16},"end":{"line":42,"column":37}},"28":{"start":{"line":43,"column":16},"end":{"line":43,"column":30}},"29":{"start":{"line":46,"column":13},"end":{"line":57,"column":9}},"30":{"start":{"line":47,"column":12},"end":{"line":47,"column":58}},"31":{"start":{"line":48,"column":12},"end":{"line":48,"column":26}},"32":{"start":{"line":50,"column":13},"end":{"line":57,"column":9}},"33":{"start":{"line":51,"column":12},"end":{"line":51,"column":48}},"34":{"start":{"line":52,"column":12},"end":{"line":52,"column":35}},"35":{"start":{"line":53,"column":12},"end":{"line":53,"column":26}},"36":{"start":{"line":56,"column":12},"end":{"line":56,"column":41}},"37":{"start":{"line":61,"column":0},"end":{"line":95,"column":1}},"38":{"start":{"line":62,"column":4},"end":{"line":62,"column":67}},"39":{"start":{"line":65,"column":4},"end":{"line":92,"column":42}},"40":{"start":{"line":67,"column":8},"end":{"line":91,"column":15}},"41":{"start":{"line":68,"column":12},"end":{"line":68,"column":44}},"42":{"start":{"line":69,"column":12},"end":{"line":88,"column":13}},"43":{"start":{"line":70,"column":16},"end":{"line":70,"column":39}},"44":{"start":{"line":73,"column":16},"end":{"line":87,"column":54}},"45":{"start":{"line":76,"column":20},"end":{"line":76,"column":52}},"46":{"start":{"line":78,"column":20},"end":{"line":85,"column":21}},"47":{"start":{"line":79,"column":24},"end":{"line":79,"column":72}},"48":{"start":{"line":80,"column":24},"end":{"line":80,"column":128}},"49":{"start":{"line":82,"column":25},"end":{"line":85,"column":21}},"50":{"start":{"line":83,"column":24},"end":{"line":83,"column":99}},"51":{"start":{"line":84,"column":24},"end":{"line":84,"column":176}},"52":{"start":{"line":86,"column":20},"end":{"line":86,"column":82}},"53":{"start":{"line":87,"column":32},"end":{"line":87,"column":52}},"54":{"start":{"line":90,"column":16},"end":{"line":90,"column":53}},"55":{"start":{"line":92,"column":20},"end":{"line":92,"column":40}},"56":{"start":{"line":112,"column":0},"end":{"line":112,"column":84}}},"branchMap":{"1":{"line":36,"type":"if","locations":[{"start":{"line":36,"column":8},"end":{"line":36,"column":8}},{"start":{"line":36,"column":8},"end":{"line":36,"column":8}}]},"2":{"line":40,"type":"if","locations":[{"start":{"line":40,"column":13},"end":{"line":40,"column":13}},{"start":{"line":40,"column":13},"end":{"line":40,"column":13}}]},"3":{"line":46,"type":"if","locations":[{"start":{"line":46,"column":13},"end":{"line":46,"column":13}},{"start":{"line":46,"column":13},"end":{"line":46,"column":13}}]},"4":{"line":50,"type":"if","locations":[{"start":{"line":50,"column":13},"end":{"line":50,"column":13}},{"start":{"line":50,"column":13},"end":{"line":50,"column":13}}]},"5":{"line":69,"type":"if","locations":[{"start":{"line":69,"column":12},"end":{"line":69,"column":12}},{"start":{"line":69,"column":12},"end":{"line":69,"column":12}}]},"6":{"line":78,"type":"if","locations":[{"start":{"line":78,"column":20},"end":{"line":78,"column":20}},{"start":{"line":78,"column":20},"end":{"line":78,"column":20}}]},"7":{"line":78,"type":"binary-expr","locations":[{"start":{"line":78,"column":24},"end":{"line":78,"column":52}},{"start":{"line":78,"column":58},"end":{"line":78,"column":111}}]},"8":{"line":82,"type":"if","locations":[{"start":{"line":82,"column":25},"end":{"line":82,"column":25}},{"start":{"line":82,"column":25},"end":{"line":82,"column":25}}]}}},"/Users/morrisqin/Documents/GitHub/f17-ESN-SA4/routes/dangerous_zone_route.js":{"path":"/Users/morrisqin/Documents/GitHub/f17-ESN-SA4/routes/dangerous_zone_route.js","s":{"1":1,"2":1,"3":1,"4":1,"5":1,"6":1,"7":1,"8":1,"9":1,"10":1},"b":{},"f":{},"fnMap":{},"statementMap":{"1":{"start":{"line":1,"column":0},"end":{"line":1,"column":35}},"2":{"start":{"line":2,"column":0},"end":{"line":2,"column":32}},"3":{"start":{"line":3,"column":0},"end":{"line":3,"column":71}},"4":{"start":{"line":4,"column":0},"end":{"line":4,"column":51}},"5":{"start":{"line":7,"column":0},"end":{"line":7,"column":56}},"6":{"start":{"line":8,"column":0},"end":{"line":8,"column":79}},"7":{"start":{"line":9,"column":0},"end":{"line":9,"column":76}},"8":{"start":{"line":10,"column":0},"end":{"line":10,"column":80}},"9":{"start":{"line":11,"column":0},"end":{"line":11,"column":84}},"10":{"start":{"line":13,"column":0},"end":{"line":13,"column":24}}},"branchMap":{}},"/Users/morrisqin/Documents/GitHub/f17-ESN-SA4/controllers/dangerous_zone_controller.js":{"path":"/Users/morrisqin/Documents/GitHub/f17-ESN-SA4/controllers/dangerous_zone_controller.js","s":{"1":1,"2":1,"3":1,"4":1,"5":1,"6":1,"7":1,"8":1,"9":2,"10":1,"11":1,"12":1,"13":0,"14":1,"15":0,"16":1,"17":0,"18":0,"19":0,"20":1,"21":1,"22":1,"23":1,"24":1,"25":1,"26":1,"27":1,"28":1,"29":1,"30":1,"31":1,"32":1,"33":1,"34":1,"35":1,"36":0,"37":0,"38":0,"39":1,"40":0,"41":0,"42":1,"43":1,"44":2,"45":2,"46":2,"47":2,"48":2,"49":2,"50":2,"51":2,"52":2,"53":2,"54":2,"55":2,"56":2,"57":1,"58":2,"59":1,"60":1,"61":0,"62":2,"63":1,"64":1,"65":1,"66":1,"67":1,"68":1},"b":{"1":[0,1],"2":[1,1],"3":[1,1],"4":[1,1],"5":[1,1]},"f":{"1":2,"2":1},"fnMap":{"1":{"name":"mileToMeters","line":15,"loc":{"start":{"line":15,"column":0},"end":{"line":15,"column":27}}},"2":{"name":"hourToTimestamp","line":19,"loc":{"start":{"line":19,"column":0},"end":{"line":19,"column":30}}}},"statementMap":{"1":{"start":{"line":1,"column":0},"end":{"line":1,"column":58}},"2":{"start":{"line":2,"column":0},"end":{"line":2,"column":33}},"3":{"start":{"line":3,"column":0},"end":{"line":3,"column":39}},"4":{"start":{"line":4,"column":0},"end":{"line":4,"column":34}},"5":{"start":{"line":9,"column":0},"end":{"line":9,"column":31}},"6":{"start":{"line":11,"column":0},"end":{"line":11,"column":39}},"7":{"start":{"line":13,"column":0},"end":{"line":13,"column":38}},"8":{"start":{"line":15,"column":0},"end":{"line":17,"column":1}},"9":{"start":{"line":16,"column":4},"end":{"line":16,"column":26}},"10":{"start":{"line":19,"column":0},"end":{"line":21,"column":1}},"11":{"start":{"line":20,"column":4},"end":{"line":20,"column":26}},"12":{"start":{"line":23,"column":0},"end":{"line":25,"column":2}},"13":{"start":{"line":24,"column":4},"end":{"line":24,"column":33}},"14":{"start":{"line":27,"column":0},"end":{"line":29,"column":2}},"15":{"start":{"line":28,"column":4},"end":{"line":28,"column":38}},"16":{"start":{"line":31,"column":0},"end":{"line":35,"column":2}},"17":{"start":{"line":32,"column":4},"end":{"line":32,"column":28}},"18":{"start":{"line":33,"column":4},"end":{"line":33,"column":28}},"19":{"start":{"line":34,"column":4},"end":{"line":34,"column":62}},"20":{"start":{"line":37,"column":0},"end":{"line":65,"column":2}},"21":{"start":{"line":38,"column":4},"end":{"line":38,"column":28}},"22":{"start":{"line":39,"column":4},"end":{"line":39,"column":28}},"23":{"start":{"line":40,"column":4},"end":{"line":40,"column":43}},"24":{"start":{"line":41,"column":4},"end":{"line":41,"column":58}},"25":{"start":{"line":42,"column":4},"end":{"line":64,"column":7}},"26":{"start":{"line":43,"column":8},"end":{"line":43,"column":52}},"27":{"start":{"line":44,"column":8},"end":{"line":44,"column":37}},"28":{"start":{"line":45,"column":8},"end":{"line":45,"column":22}},"29":{"start":{"line":46,"column":8},"end":{"line":57,"column":9}},"30":{"start":{"line":47,"column":12},"end":{"line":47,"column":161}},"31":{"start":{"line":48,"column":12},"end":{"line":48,"column":51}},"32":{"start":{"line":49,"column":12},"end":{"line":49,"column":83}},"33":{"start":{"line":50,"column":12},"end":{"line":50,"column":70}},"34":{"start":{"line":51,"column":12},"end":{"line":51,"column":51}},"35":{"start":{"line":52,"column":12},"end":{"line":56,"column":13}},"36":{"start":{"line":53,"column":16},"end":{"line":53,"column":150}},"37":{"start":{"line":54,"column":16},"end":{"line":54,"column":54}},"38":{"start":{"line":55,"column":16},"end":{"line":55,"column":24}},"39":{"start":{"line":58,"column":8},"end":{"line":58,"column":26}},"40":{"start":{"line":60,"column":8},"end":{"line":60,"column":25}},"41":{"start":{"line":61,"column":8},"end":{"line":61,"column":45}},"42":{"start":{"line":63,"column":8},"end":{"line":63,"column":61}},"43":{"start":{"line":67,"column":0},"end":{"line":104,"column":2}},"44":{"start":{"line":68,"column":4},"end":{"line":68,"column":27}},"45":{"start":{"line":69,"column":4},"end":{"line":69,"column":27}},"46":{"start":{"line":70,"column":4},"end":{"line":70,"column":35}},"47":{"start":{"line":71,"column":4},"end":{"line":71,"column":33}},"48":{"start":{"line":72,"column":4},"end":{"line":72,"column":43}},"49":{"start":{"line":73,"column":4},"end":{"line":73,"column":36}},"50":{"start":{"line":74,"column":4},"end":{"line":103,"column":7}},"51":{"start":{"line":75,"column":8},"end":{"line":75,"column":52}},"52":{"start":{"line":76,"column":8},"end":{"line":76,"column":14}},"53":{"start":{"line":77,"column":8},"end":{"line":83,"column":9}},"54":{"start":{"line":78,"column":12},"end":{"line":78,"column":161}},"55":{"start":{"line":79,"column":12},"end":{"line":79,"column":48}},"56":{"start":{"line":80,"column":12},"end":{"line":82,"column":13}},"57":{"start":{"line":81,"column":16},"end":{"line":81,"column":22}},"58":{"start":{"line":84,"column":8},"end":{"line":89,"column":9}},"59":{"start":{"line":85,"column":12},"end":{"line":85,"column":21}},"60":{"start":{"line":88,"column":12},"end":{"line":88,"column":22}},"61":{"start":{"line":91,"column":8},"end":{"line":91,"column":25}},"62":{"start":{"line":93,"column":8},"end":{"line":102,"column":9}},"63":{"start":{"line":94,"column":12},"end":{"line":94,"column":78}},"64":{"start":{"line":95,"column":12},"end":{"line":97,"column":15}},"65":{"start":{"line":96,"column":16},"end":{"line":96,"column":85}},"66":{"start":{"line":98,"column":12},"end":{"line":98,"column":48}},"67":{"start":{"line":101,"column":12},"end":{"line":101,"column":48}},"68":{"start":{"line":106,"column":0},"end":{"line":106,"column":124}}},"branchMap":{"1":{"line":52,"type":"if","locations":[{"start":{"line":52,"column":12},"end":{"line":52,"column":12}},{"start":{"line":52,"column":12},"end":{"line":52,"column":12}}]},"2":{"line":52,"type":"binary-expr","locations":[{"start":{"line":52,"column":15},"end":{"line":52,"column":34}},{"start":{"line":52,"column":38},"end":{"line":52,"column":93}}]},"3":{"line":80,"type":"if","locations":[{"start":{"line":80,"column":12},"end":{"line":80,"column":12}},{"start":{"line":80,"column":12},"end":{"line":80,"column":12}}]},"4":{"line":84,"type":"if","locations":[{"start":{"line":84,"column":8},"end":{"line":84,"column":8}},{"start":{"line":84,"column":8},"end":{"line":84,"column":8}}]},"5":{"line":93,"type":"if","locations":[{"start":{"line":93,"column":8},"end":{"line":93,"column":8}},{"start":{"line":93,"column":8},"end":{"line":93,"column":8}}]}}},"/Users/morrisqin/Documents/GitHub/f17-ESN-SA4/routes/poll_route.js":{"path":"/Users/morrisqin/Documents/GitHub/f17-ESN-SA4/routes/poll_route.js","s":{"1":1,"2":1,"3":1,"4":1,"5":1,"6":1,"7":1,"8":1,"9":1,"10":1,"11":1},"b":{},"f":{},"fnMap":{},"statementMap":{"1":{"start":{"line":1,"column":0},"end":{"line":1,"column":35}},"2":{"start":{"line":2,"column":0},"end":{"line":2,"column":32}},"3":{"start":{"line":3,"column":0},"end":{"line":3,"column":61}},"4":{"start":{"line":4,"column":0},"end":{"line":4,"column":51}},"5":{"start":{"line":6,"column":0},"end":{"line":6,"column":37}},"6":{"start":{"line":7,"column":0},"end":{"line":7,"column":54}},"7":{"start":{"line":8,"column":0},"end":{"line":8,"column":59}},"8":{"start":{"line":9,"column":0},"end":{"line":9,"column":62}},"9":{"start":{"line":10,"column":0},"end":{"line":10,"column":48}},"10":{"start":{"line":11,"column":0},"end":{"line":11,"column":48}},"11":{"start":{"line":13,"column":0},"end":{"line":13,"column":24}}},"branchMap":{}},"/Users/morrisqin/Documents/GitHub/f17-ESN-SA4/controllers/poll_controller.js":{"path":"/Users/morrisqin/Documents/GitHub/f17-ESN-SA4/controllers/poll_controller.js","s":{"1":1,"2":1,"3":1,"4":1,"5":1,"6":0,"7":0,"8":1,"9":0,"10":0,"11":1,"12":1,"13":1,"14":0,"15":1,"16":1,"17":1,"18":0,"19":1,"20":3,"21":3,"22":3,"23":3,"24":3,"25":3,"26":3,"27":3,"28":3,"29":3,"30":0,"31":3,"32":3,"33":1,"34":2,"35":1,"36":1,"37":1,"38":1,"39":2,"40":2,"41":1,"42":3,"43":3,"44":3,"45":3,"46":3,"47":3,"48":3,"49":3,"50":0,"51":3,"52":3,"53":0,"54":3,"55":1,"56":1,"57":2,"58":2,"59":2,"60":1,"61":1,"62":1},"b":{"1":[0,3],"2":[1,2],"3":[1,1],"4":[0,3],"5":[0,3],"6":[1,0]},"f":{"1":1,"2":1,"3":3,"4":1,"5":2,"6":3,"7":2,"8":1},"fnMap":{"1":{"name":"(anonymous_1)","line":16,"loc":{"start":{"line":16,"column":28},"end":{"line":16,"column":48}}},"2":{"name":"(anonymous_2)","line":23,"loc":{"start":{"line":23,"column":37},"end":{"line":23,"column":53}}},"3":{"name":"(anonymous_3)","line":39,"loc":{"start":{"line":39,"column":33},"end":{"line":39,"column":54}}},"4":{"name":"(anonymous_4)","line":52,"loc":{"start":{"line":52,"column":12},"end":{"line":52,"column":25}}},"5":{"name":"(anonymous_5)","line":55,"loc":{"start":{"line":55,"column":13},"end":{"line":55,"column":28}}},"6":{"name":"(anonymous_6)","line":68,"loc":{"start":{"line":68,"column":33},"end":{"line":68,"column":54}}},"7":{"name":"(anonymous_7)","line":84,"loc":{"start":{"line":84,"column":12},"end":{"line":84,"column":25}}},"8":{"name":"(anonymous_8)","line":87,"loc":{"start":{"line":87,"column":13},"end":{"line":87,"column":28}}}},"statementMap":{"1":{"start":{"line":1,"column":0},"end":{"line":1,"column":28}},"2":{"start":{"line":2,"column":0},"end":{"line":2,"column":39}},"3":{"start":{"line":3,"column":0},"end":{"line":3,"column":37}},"4":{"start":{"line":4,"column":0},"end":{"line":4,"column":33}},"5":{"start":{"line":6,"column":0},"end":{"line":9,"column":2}},"6":{"start":{"line":7,"column":4},"end":{"line":7,"column":53}},"7":{"start":{"line":8,"column":4},"end":{"line":8,"column":60}},"8":{"start":{"line":10,"column":0},"end":{"line":13,"column":2}},"9":{"start":{"line":11,"column":4},"end":{"line":11,"column":53}},"10":{"start":{"line":12,"column":4},"end":{"line":12,"column":67}},"11":{"start":{"line":15,"column":0},"end":{"line":21,"column":2}},"12":{"start":{"line":16,"column":4},"end":{"line":20,"column":7}},"13":{"start":{"line":17,"column":8},"end":{"line":17,"column":52}},"14":{"start":{"line":19,"column":8},"end":{"line":19,"column":45}},"15":{"start":{"line":22,"column":0},"end":{"line":28,"column":2}},"16":{"start":{"line":23,"column":4},"end":{"line":27,"column":7}},"17":{"start":{"line":24,"column":8},"end":{"line":24,"column":44}},"18":{"start":{"line":26,"column":8},"end":{"line":26,"column":45}},"19":{"start":{"line":30,"column":0},"end":{"line":59,"column":2}},"20":{"start":{"line":31,"column":4},"end":{"line":31,"column":39}},"21":{"start":{"line":32,"column":4},"end":{"line":32,"column":44}},"22":{"start":{"line":33,"column":4},"end":{"line":33,"column":43}},"23":{"start":{"line":34,"column":4},"end":{"line":34,"column":30}},"24":{"start":{"line":35,"column":4},"end":{"line":35,"column":31}},"25":{"start":{"line":36,"column":4},"end":{"line":36,"column":35}},"26":{"start":{"line":37,"column":4},"end":{"line":37,"column":31}},"27":{"start":{"line":38,"column":4},"end":{"line":38,"column":36}},"28":{"start":{"line":39,"column":4},"end":{"line":58,"column":7}},"29":{"start":{"line":40,"column":8},"end":{"line":51,"column":9}},"30":{"start":{"line":41,"column":12},"end":{"line":41,"column":67}},"31":{"start":{"line":43,"column":12},"end":{"line":43,"column":47}},"32":{"start":{"line":44,"column":12},"end":{"line":46,"column":13}},"33":{"start":{"line":45,"column":16},"end":{"line":45,"column":76}},"34":{"start":{"line":47,"column":12},"end":{"line":49,"column":13}},"35":{"start":{"line":48,"column":16},"end":{"line":48,"column":63}},"36":{"start":{"line":50,"column":12},"end":{"line":50,"column":92}},"37":{"start":{"line":53,"column":8},"end":{"line":53,"column":36}},"38":{"start":{"line":54,"column":8},"end":{"line":54,"column":33}},"39":{"start":{"line":56,"column":8},"end":{"line":56,"column":25}},"40":{"start":{"line":57,"column":8},"end":{"line":57,"column":45}},"41":{"start":{"line":61,"column":0},"end":{"line":91,"column":2}},"42":{"start":{"line":62,"column":4},"end":{"line":62,"column":37}},"43":{"start":{"line":63,"column":4},"end":{"line":63,"column":31}},"44":{"start":{"line":64,"column":4},"end":{"line":64,"column":23}},"45":{"start":{"line":65,"column":4},"end":{"line":65,"column":36}},"46":{"start":{"line":66,"column":4},"end":{"line":66,"column":31}},"47":{"start":{"line":67,"column":4},"end":{"line":67,"column":36}},"48":{"start":{"line":68,"column":4},"end":{"line":90,"column":7}},"49":{"start":{"line":69,"column":8},"end":{"line":83,"column":9}},"50":{"start":{"line":70,"column":12},"end":{"line":70,"column":67}},"51":{"start":{"line":72,"column":12},"end":{"line":82,"column":14}},"52":{"start":{"line":73,"column":16},"end":{"line":75,"column":17}},"53":{"start":{"line":74,"column":20},"end":{"line":74,"column":66}},"54":{"start":{"line":76,"column":16},"end":{"line":80,"column":17}},"55":{"start":{"line":77,"column":20},"end":{"line":79,"column":21}},"56":{"start":{"line":78,"column":24},"end":{"line":78,"column":64}},"57":{"start":{"line":81,"column":16},"end":{"line":81,"column":57}},"58":{"start":{"line":85,"column":8},"end":{"line":85,"column":33}},"59":{"start":{"line":86,"column":8},"end":{"line":86,"column":33}},"60":{"start":{"line":88,"column":8},"end":{"line":88,"column":25}},"61":{"start":{"line":89,"column":8},"end":{"line":89,"column":45}},"62":{"start":{"line":93,"column":0},"end":{"line":93,"column":83}}},"branchMap":{"1":{"line":40,"type":"if","locations":[{"start":{"line":40,"column":8},"end":{"line":40,"column":8}},{"start":{"line":40,"column":8},"end":{"line":40,"column":8}}]},"2":{"line":44,"type":"if","locations":[{"start":{"line":44,"column":12},"end":{"line":44,"column":12}},{"start":{"line":44,"column":12},"end":{"line":44,"column":12}}]},"3":{"line":47,"type":"if","locations":[{"start":{"line":47,"column":12},"end":{"line":47,"column":12}},{"start":{"line":47,"column":12},"end":{"line":47,"column":12}}]},"4":{"line":69,"type":"if","locations":[{"start":{"line":69,"column":8},"end":{"line":69,"column":8}},{"start":{"line":69,"column":8},"end":{"line":69,"column":8}}]},"5":{"line":73,"type":"if","locations":[{"start":{"line":73,"column":16},"end":{"line":73,"column":16}},{"start":{"line":73,"column":16},"end":{"line":73,"column":16}}]},"6":{"line":77,"type":"if","locations":[{"start":{"line":77,"column":20},"end":{"line":77,"column":20}},{"start":{"line":77,"column":20},"end":{"line":77,"column":20}}]}}}}