TN:
SF:/Users/morrisqin/Documents/GitHub/f17-ESN-SA4/models/db.js
FNF:0
FNH:0
DA:1,1
DA:4,1
DA:6,1
DA:7,1
DA:10,1
DA:11,1
DA:12,1
DA:14,1
DA:15,1
DA:16,0
DA:17,1
DA:19,1
LF:12
LH:11
BRDA:4,1,0,1
BRDA:4,1,1,0
BRDA:6,2,0,1
BRDA:6,2,1,1
BRF:4
BRH:3
end_of_record
TN:
SF:/Users/morrisqin/Documents/GitHub/f17-ESN-SA4/models/user.js
FN:18,(anonymous_1)
FN:52,(anonymous_2)
FN:64,(anonymous_3)
FN:76,(anonymous_4)
FN:88,(anonymous_5)
FN:105,(anonymous_6)
FN:111,(anonymous_7)
FN:120,(anonymous_8)
FN:126,(anonymous_9)
FN:132,(anonymous_10)
FN:138,(anonymous_11)
FN:165,(anonymous_12)
FN:173,(anonymous_13)
FN:181,(anonymous_14)
FN:186,(anonymous_15)
FN:196,(anonymous_16)
FN:226,(anonymous_17)
FN:231,(anonymous_18)
FN:245,(anonymous_19)
FN:253,(anonymous_20)
FN:262,(anonymous_21)
FN:283,(anonymous_22)
FN:290,(anonymous_23)
FNF:23
FNH:20
FNDA:491,(anonymous_1)
FNDA:493,(anonymous_2)
FNDA:493,(anonymous_3)
FNDA:442,(anonymous_4)
FNDA:415,(anonymous_5)
FNDA:182,(anonymous_6)
FNDA:1,(anonymous_7)
FNDA:10,(anonymous_8)
FNDA:74,(anonymous_9)
FNDA:22,(anonymous_10)
FNDA:0,(anonymous_11)
FNDA:6,(anonymous_12)
FNDA:5,(anonymous_13)
FNDA:0,(anonymous_14)
FNDA:53,(anonymous_15)
FNDA:28,(anonymous_16)
FNDA:0,(anonymous_17)
FNDA:3,(anonymous_18)
FNDA:2,(anonymous_19)
FNDA:159,(anonymous_20)
FNDA:162,(anonymous_21)
FNDA:1,(anonymous_22)
FNDA:1,(anonymous_23)
DA:1,1
DA:2,1
DA:3,1
DA:4,1
DA:5,1
DA:6,1
DA:7,1
DA:8,1
DA:10,1
DA:19,491
DA:53,493
DA:65,493
DA:77,442
DA:89,415
DA:96,1
DA:98,69
DA:99,69
DA:101,69
DA:105,1
DA:106,182
DA:107,182
DA:108,182
DA:111,1
DA:112,1
DA:113,1
DA:120,1
DA:121,10
DA:122,10
DA:123,10
DA:126,1
DA:127,74
DA:128,74
DA:129,74
DA:132,1
DA:133,22
DA:134,22
DA:135,22
DA:138,1
DA:139,0
DA:140,0
DA:141,0
DA:144,1
DA:145,37
DA:146,0
DA:147,0
DA:148,0
DA:149,0
DA:150,0
DA:151,0
DA:152,0
DA:155,37
DA:156,5
DA:157,32
DA:158,9
DA:159,23
DA:160,4
DA:161,19
DA:165,1
DA:166,6
DA:167,6
DA:168,17
DA:169,6
DA:173,1
DA:174,5
DA:175,5
DA:176,6
DA:177,5
DA:181,1
DA:182,0
DA:183,0
DA:186,1
DA:188,53
DA:189,53
DA:191,0
DA:193,53
DA:196,1
DA:197,28
DA:198,28
DA:199,28
DA:200,0
DA:203,28
DA:204,28
DA:209,27
DA:210,1
DA:215,26
DA:216,26
DA:217,26
DA:226,1
DA:227,0
DA:228,0
DA:231,1
DA:232,3
DA:233,3
DA:234,3
DA:235,3
DA:238,3
DA:239,3
DA:240,3
DA:242,3
DA:245,1
DA:247,2
DA:250,2
DA:253,1
DA:254,159
DA:255,159
DA:256,159
DA:257,159
DA:262,1
DA:263,162
DA:264,162
DA:265,4
DA:268,158
DA:269,158
DA:277,158
DA:278,158
DA:279,158
DA:283,1
DA:284,1
DA:285,1
DA:286,1
DA:290,1
DA:291,1
DA:292,1
DA:293,1
DA:294,1
DA:295,1
DA:296,1
DA:297,1
DA:298,1
DA:299,0
DA:300,0
DA:303,1
DA:307,1
DA:308,1
DA:309,1
DA:310,1
DA:312,1
DA:314,1
DA:315,1
DA:321,1
DA:323,0
DA:325,1
DA:326,0
DA:328,1
LF:144
LH:124
BRDA:53,1,0,493
BRDA:53,1,1,95
BRDA:53,1,2,50
BRDA:53,1,3,50
BRDA:65,2,0,493
BRDA:65,2,1,59
BRDA:65,2,2,40
BRDA:77,3,0,442
BRDA:77,3,1,69
BRDA:89,4,0,415
BRDA:89,4,1,413
BRDA:145,5,0,0
BRDA:145,5,1,37
BRDA:145,6,0,37
BRDA:145,6,1,37
BRDA:146,7,0,0
BRDA:146,7,1,0
BRDA:146,8,0,0
BRDA:146,8,1,0
BRDA:148,9,0,0
BRDA:148,9,1,0
BRDA:148,10,0,0
BRDA:148,10,1,0
BRDA:150,11,0,0
BRDA:150,11,1,0
BRDA:155,12,0,5
BRDA:155,12,1,32
BRDA:155,13,0,37
BRDA:155,13,1,8
BRDA:157,14,0,9
BRDA:157,14,1,23
BRDA:157,15,0,32
BRDA:157,15,1,29
BRDA:159,16,0,4
BRDA:159,16,1,19
BRDA:199,17,0,0
BRDA:199,17,1,28
BRDA:204,18,0,1
BRDA:204,18,1,27
BRDA:209,19,0,1
BRDA:209,19,1,26
BRDA:217,20,0,26
BRDA:217,20,1,0
BRDA:256,21,0,0
BRDA:256,21,1,159
BRDA:264,22,0,4
BRDA:264,22,1,158
BRDA:272,23,0,21
BRDA:272,23,1,137
BRDA:273,24,0,1
BRDA:273,24,1,157
BRDA:278,25,0,158
BRDA:278,25,1,115
BRDA:298,26,0,0
BRDA:298,26,1,1
BRDA:314,27,0,1
BRDA:314,27,1,0
BRF:57
BRH:41
end_of_record
TN:
SF:/Users/morrisqin/Documents/GitHub/f17-ESN-SA4/models/reservedName.js
FNF:0
FNH:0
DA:1,1
DA:30,1
LF:2
LH:2
BRF:0
BRH:0
end_of_record
TN:
SF:/Users/morrisqin/Documents/GitHub/f17-ESN-SA4/controllers/distance.js
FN:4,getRad
FNF:1
FNH:1
FNDA:9,getRad
DA:1,1
DA:2,1
DA:4,1
DA:5,9
DA:8,1
DA:9,4
DA:10,1
DA:12,3
DA:13,3
DA:14,3
DA:17,3
DA:18,3
DA:19,3
DA:22,3
DA:23,3
DA:24,3
DA:26,3
DA:27,3
DA:28,3
DA:30,3
DA:31,3
DA:33,3
DA:34,3
DA:35,3
DA:36,3
DA:37,3
DA:39,3
DA:42,1
LF:28
LH:28
BRDA:9,1,0,1
BRDA:9,1,1,3
BRDA:9,2,0,4
BRDA:9,2,1,1
BRF:4
BRH:4
end_of_record
TN:
SF:/Users/morrisqin/Documents/GitHub/f17-ESN-SA4/models/const.js
FNF:0
FNH:0
DA:1,1
DA:16,1
LF:2
LH:2
BRF:0
BRH:0
end_of_record
TN:
SF:/Users/morrisqin/Documents/GitHub/f17-ESN-SA4/models/dangerous_zone.js
FN:25,(anonymous_1)
FN:29,(anonymous_2)
FN:38,(anonymous_3)
FN:43,(anonymous_4)
FNF:4
FNH:4
FNDA:1,(anonymous_1)
FNDA:4,(anonymous_2)
FNDA:5,(anonymous_3)
FNDA:3,(anonymous_4)
DA:1,1
DA:4,1
DA:26,1
DA:30,4
DA:39,5
DA:40,5
DA:44,3
DA:48,1
DA:49,1
LF:9
LH:9
BRF:0
BRH:0
end_of_record
TN:
SF:/Users/morrisqin/Documents/GitHub/f17-ESN-SA4/models/poll.js
FN:31,(anonymous_1)
FN:35,(anonymous_2)
FN:39,(anonymous_3)
FN:58,(anonymous_4)
FN:59,(anonymous_5)
FN:68,(anonymous_6)
FN:73,(anonymous_7)
FNF:7
FNH:7
FNDA:1,(anonymous_1)
FNDA:1,(anonymous_2)
FNDA:8,(anonymous_3)
FNDA:2,(anonymous_4)
FNDA:2,(anonymous_5)
FNDA:4,(anonymous_6)
FNDA:7,(anonymous_7)
DA:1,1
DA:2,1
DA:32,1
DA:36,1
DA:40,8
DA:41,8
DA:42,37
DA:44,8
DA:45,8
DA:56,8
DA:59,2
DA:60,2
DA:61,0
DA:63,2
DA:64,2
DA:65,2
DA:69,4
DA:74,7
DA:78,1
DA:79,1
LF:20
LH:19
BRDA:60,1,0,0
BRDA:60,1,1,2
BRF:2
BRH:1
end_of_record
TN:
SF:/Users/morrisqin/Documents/GitHub/f17-ESN-SA4/models/announcement.js
FN:19,(anonymous_1)
FN:23,(anonymous_2)
FN:39,(anonymous_3)
FN:47,(anonymous_4)
FN:63,(anonymous_5)
FNF:5
FNH:5
FNDA:1,(anonymous_1)
FNDA:65,(anonymous_2)
FNDA:7,(anonymous_3)
FNDA:4,(anonymous_4)
FNDA:17,(anonymous_5)
DA:1,1
DA:2,1
DA:3,1
DA:5,1
DA:20,1
DA:24,65
DA:25,65
DA:27,65
DA:28,1
DA:33,64
DA:34,64
DA:40,7
DA:41,7
DA:48,4
DA:49,4
DA:50,4
DA:51,4
DA:52,4
DA:54,4
DA:59,4
DA:64,17
DA:68,1
DA:70,1
LF:23
LH:23
BRDA:27,1,0,1
BRDA:27,1,1,64
BRDA:40,2,0,1
BRDA:40,2,1,6
BRDA:40,3,0,7
BRDA:40,3,1,6
BRF:6
BRH:6
end_of_record
TN:
SF:/Users/morrisqin/Documents/GitHub/f17-ESN-SA4/models/private_message.js
FN:33,(anonymous_1)
FN:38,(anonymous_2)
FN:42,(anonymous_3)
FN:47,(anonymous_4)
FN:52,(anonymous_5)
FN:68,(anonymous_6)
FNF:6
FNH:5
FNDA:0,(anonymous_1)
FNDA:1,(anonymous_2)
FNDA:3,(anonymous_3)
FNDA:54,(anonymous_4)
FNDA:1,(anonymous_5)
FNDA:10,(anonymous_6)
DA:1,1
DA:3,1
DA:33,1
DA:34,0
DA:39,1
DA:43,3
DA:44,3
DA:48,54
DA:49,54
DA:53,1
DA:54,1
DA:55,1
DA:56,1
DA:59,1
DA:60,1
DA:61,1
DA:63,1
DA:64,1
DA:69,10
DA:73,1
DA:74,1
LF:21
LH:20
BRF:0
BRH:0
end_of_record
TN:
SF:/Users/morrisqin/Documents/GitHub/f17-ESN-SA4/app.js
FNF:0
FNH:0
DA:1,1
DA:2,1
DA:3,1
DA:5,1
DA:6,1
DA:7,1
DA:8,1
DA:9,1
DA:11,1
DA:13,1
DA:14,1
DA:15,1
DA:16,1
DA:17,1
DA:18,1
DA:19,1
DA:20,1
DA:22,1
DA:23,1
DA:24,1
DA:26,1
DA:27,1
DA:29,1
DA:30,1
DA:31,1
DA:32,1
DA:33,1
DA:34,1
DA:37,1
DA:38,1
DA:39,1
DA:40,1
DA:41,1
DA:42,1
DA:43,1
DA:44,1
DA:46,1
DA:48,1
DA:49,1
DA:52,1
LF:40
LH:40
BRF:0
BRH:0
end_of_record
TN:
SF:/Users/morrisqin/Documents/GitHub/f17-ESN-SA4/routes/index_route.js
FNF:0
FNH:0
DA:1,1
DA:2,1
DA:3,1
DA:4,1
DA:5,1
DA:8,1
DA:9,1
DA:10,1
DA:12,1
DA:13,1
DA:14,1
DA:16,1
DA:17,1
DA:18,1
DA:20,1
LF:15
LH:15
BRF:0
BRH:0
end_of_record
TN:
SF:/Users/morrisqin/Documents/GitHub/f17-ESN-SA4/controllers/index_controller.js
FNF:0
FNH:0
DA:1,1
DA:2,1
DA:3,1
DA:4,1
DA:6,1
DA:7,0
DA:10,1
DA:11,0
DA:14,1
DA:15,28
DA:16,28
DA:17,26
DA:18,26
DA:20,26
DA:22,2
DA:25,1
DA:26,6
DA:27,6
DA:28,6
DA:29,6
DA:31,6
DA:33,0
DA:36,1
DA:37,1
DA:38,1
DA:39,1
DA:40,1
DA:42,1
DA:43,1
DA:44,1
DA:46,1
DA:48,1
DA:51,0
DA:54,1
DA:56,3
DA:58,3
DA:61,3
DA:62,3
DA:64,3
DA:66,3
DA:69,0
DA:72,1
LF:42
LH:37
BRF:0
BRH:0
end_of_record
TN:
SF:/Users/morrisqin/Documents/GitHub/f17-ESN-SA4/controllers/utils.js
FNF:0
FNH:0
DA:1,1
DA:2,1
DA:4,1
DA:5,4
DA:6,2
DA:7,2
DA:8,2
DA:10,2
DA:13,2
DA:14,2
DA:15,2
DA:16,2
DA:21,1
DA:22,34
DA:23,30
DA:28,1
DA:29,2
DA:30,2
DA:35,1
DA:36,9
DA:37,9
DA:38,9
DA:42,1
DA:43,45
DA:44,45
DA:45,29
DA:46,16
DA:47,16
DA:49,45
DA:52,1
DA:53,45
DA:54,45
DA:55,45
DA:56,3
DA:58,42
DA:59,42
DA:60,1
DA:61,1
DA:64,41
DA:65,0
DA:68,41
DA:69,2
DA:71,39
DA:72,39
DA:73,39
DA:75,3
DA:79,1
LF:47
LH:46
BRDA:5,1,0,2
BRDA:5,1,1,2
BRDA:14,2,0,2
BRDA:14,2,1,0
BRDA:44,3,0,29
BRDA:44,3,1,16
BRDA:44,4,0,45
BRDA:44,4,1,23
BRDA:44,4,2,18
BRDA:46,5,0,16
BRDA:46,5,1,0
BRDA:55,6,0,3
BRDA:55,6,1,42
BRDA:59,7,0,1
BRDA:59,7,1,41
BRDA:64,8,0,0
BRDA:64,8,1,41
BRDA:68,9,0,2
BRDA:68,9,1,39
BRF:19
BRH:16
end_of_record
TN:
SF:/Users/morrisqin/Documents/GitHub/f17-ESN-SA4/controllers/user_profile_controller.js
FNF:0
FNH:0
DA:1,1
DA:2,1
DA:3,1
DA:4,1
DA:5,1
DA:7,1
DA:8,0
DA:11,1
DA:12,3
DA:13,3
DA:14,3
DA:15,1
DA:16,1
DA:18,2
DA:19,2
DA:20,2
DA:21,2
DA:23,2
DA:25,2
DA:26,1
DA:28,1
DA:29,1
DA:30,1
DA:32,1
DA:33,1
DA:34,1
DA:35,0
DA:39,1
DA:40,1
DA:41,1
DA:43,1
DA:44,1
DA:46,0
DA:49,1
LF:34
LH:31
BRDA:14,1,0,1
BRDA:14,1,1,2
BRDA:25,2,0,1
BRDA:25,2,1,1
BRF:4
BRH:4
end_of_record
TN:
SF:/Users/morrisqin/Documents/GitHub/f17-ESN-SA4/routes/chat_public_route.js
FNF:0
FNH:0
DA:1,1
DA:2,1
DA:3,1
DA:4,1
DA:6,1
DA:7,1
DA:8,1
DA:10,1
LF:8
LH:8
BRF:0
BRH:0
end_of_record
TN:
SF:/Users/morrisqin/Documents/GitHub/f17-ESN-SA4/controllers/chat_public_controller.js
FN:12,(anonymous_1)
FN:27,(anonymous_2)
FN:34,(anonymous_3)
FN:38,(anonymous_4)
FNF:4
FNH:4
FNDA:1,(anonymous_1)
FNDA:2,(anonymous_2)
FNDA:1,(anonymous_3)
FNDA:1,(anonymous_4)
DA:1,1
DA:2,1
DA:3,1
DA:4,1
DA:6,1
DA:7,0
DA:8,0
DA:11,1
DA:12,1
DA:13,1
DA:15,0
DA:19,1
DA:20,2
DA:21,2
DA:22,2
DA:23,2
DA:24,2
DA:25,2
DA:26,2
DA:27,2
DA:28,2
DA:29,2
DA:30,1
DA:32,1
DA:35,1
DA:36,1
DA:37,1
DA:39,1
DA:40,1
DA:44,1
LF:30
LH:27
BRDA:29,1,0,1
BRDA:29,1,1,1
BRF:2
BRH:2
end_of_record
TN:
SF:/Users/morrisqin/Documents/GitHub/f17-ESN-SA4/models/message.js
FN:28,(anonymous_1)
FN:32,(anonymous_2)
FN:36,(anonymous_3)
FN:47,(anonymous_4)
FN:59,(anonymous_5)
FNF:5
FNH:5
FNDA:1,(anonymous_1)
FNDA:2,(anonymous_2)
FNDA:52,(anonymous_3)
FNDA:1,(anonymous_4)
FNDA:9,(anonymous_5)
DA:1,1
DA:3,1
DA:29,1
DA:33,2
DA:37,52
DA:44,52
DA:48,1
DA:49,1
DA:50,1
DA:51,1
DA:54,1
DA:55,1
DA:60,9
DA:64,1
DA:65,1
LF:15
LH:15
BRF:0
BRH:0
end_of_record
TN:
SF:/Users/morrisqin/Documents/GitHub/f17-ESN-SA4/routes/announcement_route.js
FNF:0
FNH:0
DA:1,1
DA:2,1
DA:3,1
DA:4,1
DA:6,1
DA:7,1
DA:8,1
DA:10,1
LF:8
LH:8
BRF:0
BRH:0
end_of_record
TN:
SF:/Users/morrisqin/Documents/GitHub/f17-ESN-SA4/controllers/announcement_controller.js
FNF:0
FNH:0
DA:1,1
DA:2,1
DA:3,1
DA:5,1
DA:6,0
DA:9,1
DA:10,2
DA:12,2
DA:14,2
DA:15,1
DA:16,1
DA:18,1
DA:20,1
DA:23,0
DA:26,1
DA:27,1
DA:28,1
DA:29,1
DA:30,1
DA:32,1
DA:33,0
DA:35,1
DA:36,1
DA:38,1
DA:39,1
DA:40,1
DA:45,1
LF:27
LH:24
BRDA:14,1,0,1
BRDA:14,1,1,1
BRDA:14,2,0,2
BRDA:14,2,1,2
BRDA:32,3,0,0
BRDA:32,3,1,1
BRF:6
BRH:5
end_of_record
TN:
SF:/Users/morrisqin/Documents/GitHub/f17-ESN-SA4/routes/chat_private_route.js
FNF:0
FNH:0
DA:1,1
DA:2,1
DA:3,1
DA:4,1
DA:6,1
DA:7,1
DA:8,1
DA:10,1
LF:8
LH:8
BRF:0
BRH:0
end_of_record
TN:
SF:/Users/morrisqin/Documents/GitHub/f17-ESN-SA4/controllers/chat_private_controller.js
FN:21,(anonymous_1)
FN:39,(anonymous_2)
FN:52,(anonymous_3)
FN:57,(anonymous_4)
FNF:4
FNH:4
FNDA:1,(anonymous_1)
FNDA:3,(anonymous_2)
FNDA:1,(anonymous_3)
FNDA:2,(anonymous_4)
DA:1,1
DA:2,1
DA:3,1
DA:4,1
DA:6,1
DA:7,3
DA:8,3
DA:9,3
DA:10,3
DA:11,2
DA:13,1
DA:16,1
DA:17,0
DA:19,1
DA:22,1
DA:24,2
DA:25,2
DA:30,1
DA:31,3
DA:32,3
DA:33,3
DA:34,3
DA:35,3
DA:36,3
DA:37,3
DA:38,3
DA:39,3
DA:40,3
DA:41,1
DA:43,2
DA:46,2
DA:47,1
DA:50,1
DA:53,1
DA:54,1
DA:55,1
DA:56,1
DA:58,2
DA:59,2
DA:63,1
DA:64,0
DA:65,0
DA:66,0
DA:69,1
LF:44
LH:40
BRDA:10,1,0,2
BRDA:10,1,1,1
BRDA:16,2,0,0
BRDA:16,2,1,1
BRDA:40,3,0,1
BRDA:40,3,1,2
BRDA:46,4,0,1
BRDA:46,4,1,1
BRDA:46,5,0,2
BRDA:46,5,1,1
BRDA:54,6,0,1
BRDA:54,6,1,0
BRF:12
BRH:10
end_of_record
TN:
SF:/Users/morrisqin/Documents/GitHub/f17-ESN-SA4/routes/search_info.js
FNF:0
FNH:0
DA:1,1
DA:2,1
DA:3,1
DA:5,1
DA:6,1
DA:7,1
DA:8,1
DA:9,1
DA:11,1
LF:9
LH:9
BRF:0
BRH:0
end_of_record
TN:
SF:/Users/morrisqin/Documents/GitHub/f17-ESN-SA4/controllers/search_info_controller.js
FN:20,(anonymous_1)
FN:34,(anonymous_2)
FN:52,(anonymous_3)
FN:70,(anonymous_4)
FN:85,(anonymous_5)
FNF:5
FNH:5
FNDA:3,(anonymous_1)
FNDA:2,(anonymous_2)
FNDA:4,(anonymous_3)
FNDA:1,(anonymous_4)
FNDA:1,(anonymous_5)
DA:1,1
DA:2,1
DA:3,1
DA:4,1
DA:5,1
DA:6,1
DA:8,1
DA:10,1
DA:11,3
DA:12,3
DA:13,3
DA:14,3
DA:15,0
DA:17,3
DA:19,3
DA:21,3
DA:22,0
DA:25,3
DA:29,1
DA:30,2
DA:31,2
DA:32,2
DA:33,2
DA:35,2
DA:36,0
DA:38,2
DA:43,1
DA:44,6
DA:45,6
DA:46,6
DA:47,6
DA:48,2
DA:50,4
DA:51,4
DA:53,4
DA:54,0
DA:57,1
DA:58,2
DA:59,2
DA:60,2
DA:61,2
DA:62,2
DA:63,1
DA:70,1
DA:71,1
DA:75,1
DA:76,2
DA:77,2
DA:78,2
DA:79,2
DA:80,2
DA:81,2
DA:82,2
DA:83,1
DA:85,1
DA:86,1
DA:90,1
LF:57
LH:53
BRDA:14,1,0,0
BRDA:14,1,1,3
BRDA:21,2,0,0
BRDA:21,2,1,3
BRDA:35,3,0,0
BRDA:35,3,1,2
BRDA:47,4,0,2
BRDA:47,4,1,4
BRDA:62,5,0,1
BRDA:62,5,1,1
BRDA:82,6,0,1
BRDA:82,6,1,1
BRF:12
BRH:9
end_of_record
TN:
SF:/Users/morrisqin/Documents/GitHub/f17-ESN-SA4/models/englishStopWords.js
FNF:0
FNH:0
DA:2,1
DA:13,1
DA:14,17
DA:15,17
DA:17,17
DA:18,25
DA:19,0
DA:21,25
DA:22,11
DA:25,17
DA:28,1
LF:11
LH:10
BRDA:18,1,0,0
BRDA:18,1,1,25
BRDA:21,2,0,11
BRDA:21,2,1,14
BRF:4
BRH:3
end_of_record
TN:
SF:/Users/morrisqin/Documents/GitHub/f17-ESN-SA4/routes/admin_route.js
FNF:0
FNH:0
DA:1,1
DA:2,1
DA:3,1
DA:4,1
DA:7,1
DA:8,1
DA:9,1
DA:10,1
DA:11,1
DA:14,1
LF:10
LH:10
BRF:0
BRH:0
end_of_record
TN:
SF:/Users/morrisqin/Documents/GitHub/f17-ESN-SA4/controllers/admin_controller.js
FNF:0
FNH:0
DA:1,1
DA:2,1
DA:3,1
DA:4,1
DA:6,1
DA:7,0
DA:8,0
DA:11,1
DA:12,2
DA:14,2
DA:15,2
DA:16,2
DA:18,0
DA:21,1
DA:22,0
DA:23,0
DA:27,1
DA:28,0
DA:29,0
DA:33,1
DA:35,6
DA:36,6
DA:37,1
DA:38,1
DA:40,5
DA:41,1
DA:42,1
DA:43,1
DA:46,4
DA:47,2
DA:48,2
DA:50,2
DA:51,1
DA:52,1
DA:53,1
DA:56,1
DA:61,1
DA:62,6
DA:65,6
DA:67,6
DA:68,5
DA:69,5
DA:70,1
DA:73,4
DA:76,4
DA:78,4
DA:79,1
DA:80,1
DA:82,3
DA:83,1
DA:84,1
DA:86,4
DA:87,0
DA:90,1
DA:92,0
DA:112,1
LF:56
LH:47
BRDA:36,1,0,1
BRDA:36,1,1,5
BRDA:40,2,0,1
BRDA:40,2,1,4
BRDA:46,3,0,2
BRDA:46,3,1,2
BRDA:50,4,0,1
BRDA:50,4,1,1
BRDA:69,5,0,1
BRDA:69,5,1,4
BRDA:78,6,0,1
BRDA:78,6,1,3
BRDA:78,7,0,4
BRDA:78,7,1,1
BRDA:82,8,0,1
BRDA:82,8,1,2
BRF:16
BRH:16
end_of_record
TN:
SF:/Users/morrisqin/Documents/GitHub/f17-ESN-SA4/routes/dangerous_zone_route.js
FNF:0
FNH:0
DA:1,1
DA:2,1
DA:3,1
DA:4,1
DA:7,1
DA:8,1
DA:9,1
DA:10,1
DA:11,1
DA:13,1
LF:10
LH:10
BRF:0
BRH:0
end_of_record
TN:
SF:/Users/morrisqin/Documents/GitHub/f17-ESN-SA4/controllers/dangerous_zone_controller.js
FN:15,mileToMeters
FN:19,hourToTimestamp
FNF:2
FNH:2
FNDA:2,mileToMeters
FNDA:1,hourToTimestamp
DA:1,1
DA:2,1
DA:3,1
DA:4,1
DA:9,1
DA:11,1
DA:13,1
DA:15,1
DA:16,2
DA:19,1
DA:20,1
DA:23,1
DA:24,0
DA:27,1
DA:28,0
DA:31,1
DA:32,0
DA:33,0
DA:34,0
DA:37,1
DA:38,1
DA:39,1
DA:40,1
DA:41,1
DA:42,1
DA:43,1
DA:44,1
DA:45,1
DA:46,1
DA:47,1
DA:48,1
DA:49,1
DA:50,1
DA:51,1
DA:52,1
DA:53,0
DA:54,0
DA:55,0
DA:58,1
DA:60,0
DA:61,0
DA:63,1
DA:67,1
DA:68,2
DA:69,2
DA:70,2
DA:71,2
DA:72,2
DA:73,2
DA:74,2
DA:75,2
DA:76,2
DA:77,2
DA:78,2
DA:79,2
DA:80,2
DA:81,1
DA:84,2
DA:85,1
DA:88,1
DA:91,0
DA:93,2
DA:94,1
DA:95,1
DA:96,1
DA:98,1
DA:101,1
DA:106,1
LF:68
LH:57
BRDA:52,1,0,0
BRDA:52,1,1,1
BRDA:52,2,0,1
BRDA:52,2,1,1
BRDA:80,3,0,1
BRDA:80,3,1,1
BRDA:84,4,0,1
BRDA:84,4,1,1
BRDA:93,5,0,1
BRDA:93,5,1,1
BRF:10
BRH:9
end_of_record
TN:
SF:/Users/morrisqin/Documents/GitHub/f17-ESN-SA4/routes/poll_route.js
FNF:0
FNH:0
DA:1,1
DA:2,1
DA:3,1
DA:4,1
DA:6,1
DA:7,1
DA:8,1
DA:9,1
DA:10,1
DA:11,1
DA:13,1
LF:11
LH:11
BRF:0
BRH:0
end_of_record
TN:
SF:/Users/morrisqin/Documents/GitHub/f17-ESN-SA4/controllers/poll_controller.js
FN:16,(anonymous_1)
FN:23,(anonymous_2)
FN:39,(anonymous_3)
FN:52,(anonymous_4)
FN:55,(anonymous_5)
FN:68,(anonymous_6)
FN:84,(anonymous_7)
FN:87,(anonymous_8)
FNF:8
FNH:8
FNDA:1,(anonymous_1)
FNDA:1,(anonymous_2)
FNDA:3,(anonymous_3)
FNDA:1,(anonymous_4)
FNDA:2,(anonymous_5)
FNDA:3,(anonymous_6)
FNDA:2,(anonymous_7)
FNDA:1,(anonymous_8)
DA:1,1
DA:2,1
DA:3,1
DA:4,1
DA:6,1
DA:7,0
DA:8,0
DA:10,1
DA:11,0
DA:12,0
DA:15,1
DA:16,1
DA:17,1
DA:19,0
DA:22,1
DA:23,1
DA:24,1
DA:26,0
DA:30,1
DA:31,3
DA:32,3
DA:33,3
DA:34,3
DA:35,3
DA:36,3
DA:37,3
DA:38,3
DA:39,3
DA:40,3
DA:41,0
DA:43,3
DA:44,3
DA:45,1
DA:47,2
DA:48,1
DA:50,1
DA:53,1
DA:54,1
DA:56,2
DA:57,2
DA:61,1
DA:62,3
DA:63,3
DA:64,3
DA:65,3
DA:66,3
DA:67,3
DA:68,3
DA:69,3
DA:70,0
DA:72,3
DA:73,3
DA:74,0
DA:76,3
DA:77,1
DA:78,1
DA:81,2
DA:85,2
DA:86,2
DA:88,1
DA:89,1
DA:93,1
LF:62
LH:53
BRDA:40,1,0,0
BRDA:40,1,1,3
BRDA:44,2,0,1
BRDA:44,2,1,2
BRDA:47,3,0,1
BRDA:47,3,1,1
BRDA:69,4,0,0
BRDA:69,4,1,3
BRDA:73,5,0,0
BRDA:73,5,1,3
BRDA:77,6,0,1
BRDA:77,6,1,0
BRF:12
BRH:8
end_of_record
